C51 COMPILER V9.60.0.0   INITDEVICE                                                        04/01/2021 10:32:20 PAGE 1   


C51 COMPILER V9.60.0.0, COMPILATION OF MODULE INITDEVICE
OBJECT MODULE PLACED IN .\src/InitDevice.OBJ
COMPILER INVOKED BY: Z:\home\tadashi\Downloads\SimplicityStudio_v5\developer\toolchains\keil_8051\9.60\BIN\C51.exe /home
                    -/tadashi/SimplicityStudio/v5_workspace/port_DIO/src/InitDevice.c OMF2 SMALL DEBUG OBJECTEXTEND ROM(LARGE) WARNINGLEVEL(2
                    -) FLOATFUZZY(3) OPTIMIZE(0,SPEED) DEFINE(DEBUG=1) INTVECTOR(0X0000) INTPROMOTE INCDIR(/home/tadashi/SimplicityStudio/v5_
                    -workspace/port_DIO/inc;/home/tadashi/Downloads/SimplicityStudio_v5/developer/sdks/8051/v4.2.0//Device/shared/si8051Base;
                    -/home/tadashi/Downloads/SimplicityStudio_v5/developer/sdks/8051/v4.2.0//Device/EFM8LB1/inc) PRINT(.\src/InitDevice.lst) 
                    -COND PAGEWIDTH(120) PAGELENGTH(65) OBJECT(.\src/InitDevice.OBJ)

line level    source

   1          //=========================================================
   2          // src/InitDevice.c: generated by Hardware Configurator
   3          //
   4          // This file will be regenerated when saving a document.
   5          // leave the sections inside the "$[...]" comment tags alone
   6          // or they will be overwritten!!
   7          //=========================================================
   8          
   9          // USER INCLUDES
  10          #include <SI_EFM8LB1_Register_Enums.h>
  11          #include "InitDevice.h"
  12          
  13          // USER PROTOTYPES
  14          // USER FUNCTIONS
  15          
  16          // $[Library Includes]
  17          // [Library Includes]$
  18          
  19          //==============================================================================
  20          // enter_DefaultMode_from_RESET
  21          //==============================================================================
  22          extern void
  23          enter_DefaultMode_from_RESET (void)
  24          {
  25   1        // $[Config Calls]
  26   1        // Save the SFRPAGE
  27   1        uint8_t SFRPAGE_save = SFRPAGE;
  28   1        PORTS_0_enter_DefaultMode_from_RESET ();
  29   1        PORTS_1_enter_DefaultMode_from_RESET ();
  30   1        PBCFG_0_enter_DefaultMode_from_RESET ();
  31   1        CLOCK_0_enter_DefaultMode_from_RESET ();
  32   1        // Restore the SFRPAGE
  33   1        SFRPAGE = SFRPAGE_save;
  34   1        // [Config Calls]$
  35   1      
  36   1      }
  37          
  38          extern void
  39          PORTS_0_enter_DefaultMode_from_RESET (void)
  40          {
  41   1        // $[P0 - Port 0 Pin Latch]
  42   1        // [P0 - Port 0 Pin Latch]$
  43   1      
  44   1        // $[P0MDOUT - Port 0 Output Mode]
  45   1        // [P0MDOUT - Port 0 Output Mode]$
  46   1      
  47   1        // $[P0MDIN - Port 0 Input Mode]
  48   1        // [P0MDIN - Port 0 Input Mode]$
  49   1      
  50   1        // $[P0SKIP - Port 0 Skip]
  51   1        /***********************************************************************
C51 COMPILER V9.60.0.0   INITDEVICE                                                        04/01/2021 10:32:20 PAGE 2   

  52   1         - P0.0 pin is skipped by the crossbar
  53   1         - P0.1 pin is skipped by the crossbar
  54   1         - P0.2 pin is skipped by the crossbar
  55   1         - P0.3 pin is skipped by the crossbar
  56   1         - P0.4 pin is not skipped by the crossbar
  57   1         - P0.5 pin is not skipped by the crossbar
  58   1         - P0.6 pin is not skipped by the crossbar
  59   1         - P0.7 pin is not skipped by the crossbar
  60   1         ***********************************************************************/
  61   1        SFRPAGE = 0x00;
  62   1        P0SKIP = P0SKIP_B0__SKIPPED | P0SKIP_B1__SKIPPED | P0SKIP_B2__SKIPPED
  63   1            | P0SKIP_B3__SKIPPED | P0SKIP_B4__NOT_SKIPPED | P0SKIP_B5__NOT_SKIPPED
  64   1            | P0SKIP_B6__NOT_SKIPPED | P0SKIP_B7__NOT_SKIPPED;
  65   1        // [P0SKIP - Port 0 Skip]$
  66   1      
  67   1        // $[P0MASK - Port 0 Mask]
  68   1        // [P0MASK - Port 0 Mask]$
  69   1      
  70   1        // $[P0MAT - Port 0 Match]
  71   1        // [P0MAT - Port 0 Match]$
  72   1      
  73   1      }
  74          
  75          extern void
  76          PORTS_1_enter_DefaultMode_from_RESET (void)
  77          {
  78   1        // $[P1 - Port 1 Pin Latch]
  79   1        // [P1 - Port 1 Pin Latch]$
  80   1      
  81   1        // $[P1MDOUT - Port 1 Output Mode]
  82   1        /***********************************************************************
  83   1         - P1.0 output is open-drain
  84   1         - P1.1 output is open-drain
  85   1         - P1.2 output is open-drain
  86   1         - P1.3 output is push-pull
  87   1         - P1.4 output is open-drain
  88   1         - P1.5 output is open-drain
  89   1         - P1.6 output is open-drain
  90   1         - P1.7 output is open-drain
  91   1         ***********************************************************************/
  92   1        P1MDOUT = P1MDOUT_B0__OPEN_DRAIN | P1MDOUT_B1__OPEN_DRAIN
  93   1            | P1MDOUT_B2__OPEN_DRAIN | P1MDOUT_B3__PUSH_PULL | P1MDOUT_B4__OPEN_DRAIN
  94   1            | P1MDOUT_B5__OPEN_DRAIN | P1MDOUT_B6__OPEN_DRAIN
  95   1            | P1MDOUT_B7__OPEN_DRAIN;
  96   1        // [P1MDOUT - Port 1 Output Mode]$
  97   1      
  98   1        // $[P1MDIN - Port 1 Input Mode]
  99   1        // [P1MDIN - Port 1 Input Mode]$
 100   1      
 101   1        // $[P1SKIP - Port 1 Skip]
 102   1        // [P1SKIP - Port 1 Skip]$
 103   1      
 104   1        // $[P1MASK - Port 1 Mask]
 105   1        // [P1MASK - Port 1 Mask]$
 106   1      
 107   1        // $[P1MAT - Port 1 Match]
 108   1        // [P1MAT - Port 1 Match]$
 109   1      
 110   1      }
 111          
 112          extern void
 113          PBCFG_0_enter_DefaultMode_from_RESET (void)
 114          {
C51 COMPILER V9.60.0.0   INITDEVICE                                                        04/01/2021 10:32:20 PAGE 3   

 115   1        // $[XBR2 - Port I/O Crossbar 2]
 116   1        // [XBR2 - Port I/O Crossbar 2]$
 117   1      
 118   1        // $[PRTDRV - Port Drive Strength]
 119   1        // [PRTDRV - Port Drive Strength]$
 120   1      
 121   1        // $[XBR0 - Port I/O Crossbar 0]
 122   1        // [XBR0 - Port I/O Crossbar 0]$
 123   1      
 124   1        // $[XBR1 - Port I/O Crossbar 1]
 125   1        // [XBR1 - Port I/O Crossbar 1]$
 126   1      
 127   1      }
 128          
 129          extern void
 130          CLOCK_0_enter_DefaultMode_from_RESET (void)
 131          {
 132   1        // $[HFOSC1 Setup]
 133   1        // [HFOSC1 Setup]$
 134   1      
 135   1        // $[CLKSEL - Clock Select]
 136   1        /***********************************************************************
 137   1         - Clock derived from the Internal High Frequency Oscillator 0
 138   1         - SYSCLK is equal to selected clock source divided by 1
 139   1         ***********************************************************************/
 140   1        CLKSEL = CLKSEL_CLKSL__HFOSC0 | CLKSEL_CLKDIV__SYSCLK_DIV_1;
 141   1        while ((CLKSEL & CLKSEL_DIVRDY__BMASK) == CLKSEL_DIVRDY__NOT_READY)
 142   1          ;
 143   1        // [CLKSEL - Clock Select]$
 144   1      
 145   1      }
 146          


MODULE INFORMATION:   STATIC OVERLAYABLE
   CODE SIZE        =     46    ----
   CONSTANT SIZE    =   ----    ----
   XDATA SIZE       =   ----    ----
   PDATA SIZE       =   ----    ----
   DATA SIZE        =      1    ----
   IDATA SIZE       =   ----    ----
   BIT SIZE         =   ----    ----
   EDATA SIZE       =   ----    ----
   HDATA SIZE       =   ----    ----
   XDATA CONST SIZE =   ----    ----
   FAR CONST SIZE   =   ----    ----
END OF MODULE INFORMATION.


C51 COMPILATION COMPLETE.  0 WARNING(S),  0 ERROR(S)
