C51 COMPILER V9.60.0.0   PORT_DIO_MAIN                                                     04/08/2021 12:02:41 PAGE 1   


C51 COMPILER V9.60.0.0, COMPILATION OF MODULE PORT_DIO_MAIN
OBJECT MODULE PLACED IN .\src/port_DIO_main.OBJ
COMPILER INVOKED BY: Z:\home\tadashi\Downloads\SimplicityStudio_v5\developer\toolchains\keil_8051\9.60\BIN\C51.exe /home
                    -/tadashi/SimplicityStudio/v5_workspace/port_DIO/src/port_DIO_main.c OMF2 SMALL DEBUG OBJECTEXTEND ROM(LARGE) WARNINGLEVE
                    -L(2) FLOATFUZZY(3) OPTIMIZE(0,SPEED) DEFINE(DEBUG=1) INTVECTOR(0X0000) INTPROMOTE INCDIR(/home/tadashi/SimplicityStudio/
                    -v5_workspace/port_DIO/inc;/home/tadashi/Downloads/SimplicityStudio_v5/developer/sdks/8051/v4.2.0//Device/shared/si8051Ba
                    -se;/home/tadashi/Downloads/SimplicityStudio_v5/developer/sdks/8051/v4.2.0//Device/EFM8LB1/inc) PRINT(.\src/port_DIO_main
                    -.lst) COND PAGEWIDTH(120) PAGELENGTH(65) OBJECT(.\src/port_DIO_main.OBJ)

line level    source

   1          //=========================================================
   2          // src/port_DIO_main.c: generated by Hardware Configurator
   3          //
   4          // This file will be updated when saving a document.
   5          // leave the sections inside the "$[...]" comment tags alone
   6          // or they will be overwritten!!
   7          //=========================================================
   8          
   9          //-----------------------------------------------------------------------------
  10          // Includes
  11          //-----------------------------------------------------------------------------
  12          #include <SI_EFM8LB1_Register_Enums.h>                  // SFR declarations
  13          #include "InitDevice.h"
  14          // $[Generated Includes]
  15          // [Generated Includes]$
  16          sbit led = P1 ^ 3;  // P1_B3
  17          sbit button = P1 ^ 4;
  18          unsigned long i;
  19          //-----------------------------------------------------------------------------
  20          // SiLabs_Startup() Routine
  21          // ----------------------------------------------------------------------------
  22          // This function is called immediately after reset, before the initialization
  23          // code is run in SILABS_STARTUP.A51 (which runs before main() ). This is a
  24          // useful place to disable the watchdog timer, which is enable by default
  25          // and may trigger before main() in some instances.
  26          //-----------------------------------------------------------------------------
  27          void
  28          SiLabs_Startup (void)
  29          {
  30   1        // $[SiLabs Startup]
  31   1        // [SiLabs Startup]$
  32   1      }
  33          void button_push(){
  34   1        if (button==0){
  35   2            led=0;
  36   2        }else{
  37   2            led=1;
  38   2        }
  39   1      }
  40          void blink_led(){
  41   1              led = 0;
  42   1             for (i = 1; i <= 326530; i++)
  43   1               {
  44   2      
  45   2               }
  46   1             led = 1;
  47   1             for (i = 1; i <= 326530; i++)
  48   1               {
  49   2      
  50   2               }
  51   1      }
C51 COMPILER V9.60.0.0   PORT_DIO_MAIN                                                     04/08/2021 12:02:41 PAGE 2   

  52          //-----------------------------------------------------------------------------
  53          // main() Routine
  54          // ----------------------------------------------------------------------------
  55          int
  56          main (void)
  57          {
  58   1        // Call hardware initialization routine
  59   1        enter_DefaultMode_from_RESET ();
  60   1        XBR2 |= XBR2_XBARE__ENABLED;
  61   1        P1MDOUT |=P1MDOUT_B3__PUSH_PULL;
  62   1        while (1)
  63   1          {
  64   2      
  65   2      
  66   2           // blink_led();
  67   2            button_push();
  68   2      // $[Generated Run-time code]
  69   2      // [Generated Run-time code]$
  70   2          }
  71   1      }


MODULE INFORMATION:   STATIC OVERLAYABLE
   CODE SIZE        =    166    ----
   CONSTANT SIZE    =   ----    ----
   XDATA SIZE       =   ----    ----
   PDATA SIZE       =   ----    ----
   DATA SIZE        =      4    ----
   IDATA SIZE       =   ----    ----
   BIT SIZE         =   ----    ----
   EDATA SIZE       =   ----    ----
   HDATA SIZE       =   ----    ----
   XDATA CONST SIZE =   ----    ----
   FAR CONST SIZE   =   ----    ----
END OF MODULE INFORMATION.


C51 COMPILATION COMPLETE.  0 WARNING(S),  0 ERROR(S)
