C51 COMPILER V9.60.0.0   SERIAL                                                            06/02/2021 10:06:56 PAGE 1   


C51 COMPILER V9.60.0.0, COMPILATION OF MODULE SERIAL
OBJECT MODULE PLACED IN .\src\serial.OBJ
COMPILER INVOKED BY: c:\SiliconLabs\SimplicityStudio\v5\developer\toolchains\keil_8051\9.60\BIN\C51.exe D:\year4-semeste
                    -r2\Silicon_lab_year3\IE2\src\serial.c OMF2 SMALL DEBUG OBJECTEXTEND ROM(LARGE) WARNINGLEVEL(2) FLOATFUZZY(3) OPTIMIZE(0,
                    -SPEED) DEFINE(DEBUG=1) INTVECTOR(0X0000) INTPROMOTE INCDIR(D:\year4-semester2\Silicon_lab_year3\IE2\inc;C:/SiliconLabs/S
                    -implicityStudio/v5/developer/sdks/8051/v4.2.0//Device/shared/si8051Base;C:/SiliconLabs/SimplicityStudio/v5/developer/sdk
                    -s/8051/v4.2.0//Device/EFM8LB1/inc) PRINT(.\src\serial.lst) COND PAGEWIDTH(120) PAGELENGTH(65) OBJECT(.\src\serial.OBJ)

line level    source

   1          /*
   2           * serial.c
   3           *
   4           *  Created on: Apr 19, 2021
   5           *      Author: tadashi
   6           */
   7          #include "serial.h"
   8          
   9          
  10          void Uart_timer(){
  11   1        CKCON0|=CKCON0_T1M__SYSCLK;
  12   1        TMOD |=TMOD_T1M__MODE2;
  13   1        TL1=0X96;
  14   1        TH1=0X96;
  15   1        TCON_TR1=1;
  16   1      
  17   1      }
  18          
  19          void put_char(char c)
  20          {
  21   1        SBUF0 = c; // write character to buffer
  22   1        while (!SCON0_TI); // wait for Tx to be complete
  23   1        SCON0_TI = 0; // clear Tx flag
  24   1      }
  25          void put_string(char* str)
  26          {
  27   1        // send character until null-termination is found
  28   1        while (*str != '\0')
  29   1        {
  30   2          put_char(*(str++));
  31   2        }
  32   1      }
  33          char receive_char(){
  34   1        char r;
  35   1        SCON0 =SCON0_REN__RECEIVE_ENABLED;
  36   1      
  37   1        while (!SCON0_RI);
  38   1        r=SBUF0 ;
  39   1        SCON0_RI=0;
  40   1        return r;
  41   1      
  42   1      }
  43          
  44          
  45          


MODULE INFORMATION:   STATIC OVERLAYABLE
   CODE SIZE        =     83    ----
   CONSTANT SIZE    =   ----    ----
   XDATA SIZE       =   ----    ----
   PDATA SIZE       =   ----    ----
C51 COMPILER V9.60.0.0   SERIAL                                                            06/02/2021 10:06:56 PAGE 2   

   DATA SIZE        =      5    ----
   IDATA SIZE       =   ----    ----
   BIT SIZE         =   ----    ----
   EDATA SIZE       =   ----    ----
   HDATA SIZE       =   ----    ----
   XDATA CONST SIZE =   ----    ----
   FAR CONST SIZE   =   ----    ----
END OF MODULE INFORMATION.


C51 COMPILATION COMPLETE.  0 WARNING(S),  0 ERROR(S)
