C51 COMPILER V9.60.0.0   INITDEVICE                                                        02/27/2021 14:13:11 PAGE 1   


C51 COMPILER V9.60.0.0, COMPILATION OF MODULE INITDEVICE
OBJECT MODULE PLACED IN .\src/InitDevice.OBJ
COMPILER INVOKED BY: Z:\home\tadashi\Downloads\SimplicityStudio_v5\developer\toolchains\keil_8051\9.60\BIN\C51.exe /home
                    -/tadashi/SimplicityStudio/v5_workspace/myProject_2/src/InitDevice.c OMF2 SMALL DEBUG OBJECTEXTEND ROM(LARGE) WARNINGLEVE
                    -L(2) FLOATFUZZY(3) OPTIMIZE(0,SPEED) DEFINE(DEBUG=1) INTVECTOR(0X0000) INTPROMOTE INCDIR(/home/tadashi/SimplicityStudio/
                    -v5_workspace/myProject_2/inc;/home/tadashi/Downloads/SimplicityStudio_v5/developer/sdks/8051/v4.2.0//Device/shared/si805
                    -1Base;/home/tadashi/Downloads/SimplicityStudio_v5/developer/sdks/8051/v4.2.0//Device/EFM8LB1/inc) PRINT(.\src/InitDevice
                    -.lst) COND PAGEWIDTH(120) PAGELENGTH(65) OBJECT(.\src/InitDevice.OBJ)

line level    source

   1          //=========================================================
   2          // src/InitDevice.c: generated by Hardware Configurator
   3          //
   4          // This file will be regenerated when saving a document.
   5          // leave the sections inside the "$[...]" comment tags alone
   6          // or they will be overwritten!!
   7          //=========================================================
   8          
   9          // USER INCLUDES
  10          #include <SI_EFM8LB1_Register_Enums.h>
  11          #include "InitDevice.h"
  12          
  13          // USER PROTOTYPES
  14          // USER FUNCTIONS
  15          
  16          // $[Library Includes]
  17          // [Library Includes]$
  18          
  19          //==============================================================================
  20          // enter_DefaultMode_from_RESET
  21          //==============================================================================
  22          extern void
  23          enter_DefaultMode_from_RESET (void)
  24          {
  25   1        // $[Config Calls]
  26   1        // Save the SFRPAGE
  27   1        uint8_t SFRPAGE_save = SFRPAGE;
  28   1        PORTS_0_enter_DefaultMode_from_RESET ();
  29   1        PORTS_1_enter_DefaultMode_from_RESET ();
  30   1        PBCFG_0_enter_DefaultMode_from_RESET ();
  31   1        // Restore the SFRPAGE
  32   1        SFRPAGE = SFRPAGE_save;
  33   1        // [Config Calls]$
  34   1      
  35   1      }
  36          
  37          extern void
  38          PORTS_1_enter_DefaultMode_from_RESET (void)
  39          {
  40   1        // $[P1 - Port 1 Pin Latch]
  41   1        // [P1 - Port 1 Pin Latch]$
  42   1      
  43   1        // $[P1MDOUT - Port 1 Output Mode]
  44   1        /***********************************************************************
  45   1         - P1.0 output is open-drain
  46   1         - P1.1 output is open-drain
  47   1         - P1.2 output is open-drain
  48   1         - P1.3 output is push-pull
  49   1         - P1.4 output is push-pull
  50   1         - P1.5 output is open-drain
  51   1         - P1.6 output is open-drain
C51 COMPILER V9.60.0.0   INITDEVICE                                                        02/27/2021 14:13:11 PAGE 2   

  52   1         - P1.7 output is open-drain
  53   1         ***********************************************************************/
  54   1        P1MDOUT = P1MDOUT_B0__OPEN_DRAIN | P1MDOUT_B1__OPEN_DRAIN
  55   1            | P1MDOUT_B2__OPEN_DRAIN | P1MDOUT_B3__PUSH_PULL | P1MDOUT_B4__PUSH_PULL
  56   1            | P1MDOUT_B5__OPEN_DRAIN | P1MDOUT_B6__OPEN_DRAIN
  57   1            | P1MDOUT_B7__OPEN_DRAIN;
  58   1        // [P1MDOUT - Port 1 Output Mode]$
  59   1      
  60   1        // $[P1MDIN - Port 1 Input Mode]
  61   1        // [P1MDIN - Port 1 Input Mode]$
  62   1      
  63   1        // $[P1SKIP - Port 1 Skip]
  64   1        // [P1SKIP - Port 1 Skip]$
  65   1      
  66   1        // $[P1MASK - Port 1 Mask]
  67   1        // [P1MASK - Port 1 Mask]$
  68   1      
  69   1        // $[P1MAT - Port 1 Match]
  70   1        // [P1MAT - Port 1 Match]$
  71   1      
  72   1      }
  73          
  74          extern void
  75          PBCFG_0_enter_DefaultMode_from_RESET (void)
  76          {
  77   1        // $[XBR2 - Port I/O Crossbar 2]
  78   1        /***********************************************************************
  79   1         - Weak Pullups enabled 
  80   1         - Crossbar enabled
  81   1         - UART1 I/O unavailable at Port pin
  82   1         - UART1 RTS1 unavailable at Port pin
  83   1         - UART1 CTS1 unavailable at Port pin
  84   1         ***********************************************************************/
  85   1        XBR2 = XBR2_WEAKPUD__PULL_UPS_ENABLED | XBR2_XBARE__ENABLED
  86   1            | XBR2_URT1E__DISABLED | XBR2_URT1RTSE__DISABLED
  87   1            | XBR2_URT1CTSE__DISABLED;
  88   1        // [XBR2 - Port I/O Crossbar 2]$
  89   1      
  90   1        // $[PRTDRV - Port Drive Strength]
  91   1        // [PRTDRV - Port Drive Strength]$
  92   1      
  93   1        // $[XBR0 - Port I/O Crossbar 0]
  94   1        // [XBR0 - Port I/O Crossbar 0]$
  95   1      
  96   1        // $[XBR1 - Port I/O Crossbar 1]
  97   1        // [XBR1 - Port I/O Crossbar 1]$
  98   1      
  99   1      }
 100          
 101          extern void
 102          PORTS_0_enter_DefaultMode_from_RESET (void)
 103          {
 104   1        // $[P0 - Port 0 Pin Latch]
 105   1        // [P0 - Port 0 Pin Latch]$
 106   1      
 107   1        // $[P0MDOUT - Port 0 Output Mode]
 108   1        /***********************************************************************
 109   1         - P0.0 output is push-pull
 110   1         - P0.1 output is open-drain
 111   1         - P0.2 output is open-drain
 112   1         - P0.3 output is open-drain
 113   1         - P0.4 output is open-drain
 114   1         - P0.5 output is open-drain
C51 COMPILER V9.60.0.0   INITDEVICE                                                        02/27/2021 14:13:11 PAGE 3   

 115   1         - P0.6 output is open-drain
 116   1         - P0.7 output is open-drain
 117   1         ***********************************************************************/
 118   1        SFRPAGE = 0x00;
 119   1        P0MDOUT = P0MDOUT_B0__PUSH_PULL | P0MDOUT_B1__OPEN_DRAIN
 120   1            | P0MDOUT_B2__OPEN_DRAIN | P0MDOUT_B3__OPEN_DRAIN | P0MDOUT_B4__OPEN_DRAIN
 121   1            | P0MDOUT_B5__OPEN_DRAIN | P0MDOUT_B6__OPEN_DRAIN
 122   1            | P0MDOUT_B7__OPEN_DRAIN;
 123   1        // [P0MDOUT - Port 0 Output Mode]$
 124   1      
 125   1        // $[P0MDIN - Port 0 Input Mode]
 126   1        // [P0MDIN - Port 0 Input Mode]$
 127   1      
 128   1        // $[P0SKIP - Port 0 Skip]
 129   1        // [P0SKIP - Port 0 Skip]$
 130   1      
 131   1        // $[P0MASK - Port 0 Mask]
 132   1        // [P0MASK - Port 0 Mask]$
 133   1      
 134   1        // $[P0MAT - Port 0 Match]
 135   1        // [P0MAT - Port 0 Match]$
 136   1      
 137   1      }
 138          


MODULE INFORMATION:   STATIC OVERLAYABLE
   CODE SIZE        =     31    ----
   CONSTANT SIZE    =   ----    ----
   XDATA SIZE       =   ----    ----
   PDATA SIZE       =   ----    ----
   DATA SIZE        =      1    ----
   IDATA SIZE       =   ----    ----
   BIT SIZE         =   ----    ----
   EDATA SIZE       =   ----    ----
   HDATA SIZE       =   ----    ----
   XDATA CONST SIZE =   ----    ----
   FAR CONST SIZE   =   ----    ----
END OF MODULE INFORMATION.


C51 COMPILATION COMPLETE.  0 WARNING(S),  0 ERROR(S)
