C51 COMPILER V9.60.0.0   MYPROJECT_2_MAIN                                                  03/27/2021 20:07:19 PAGE 1   


C51 COMPILER V9.60.0.0, COMPILATION OF MODULE MYPROJECT_2_MAIN
OBJECT MODULE PLACED IN .\src/myProject_2_main.OBJ
COMPILER INVOKED BY: Z:\home\tadashi\Downloads\SimplicityStudio_v5\developer\toolchains\keil_8051\9.60\BIN\C51.exe /home
                    -/tadashi/SimplicityStudio/v5_workspace/myProject_2/src/myProject_2_main.c OMF2 SMALL DEBUG OBJECTEXTEND ROM(LARGE) WARNI
                    -NGLEVEL(2) FLOATFUZZY(3) OPTIMIZE(0,SPEED) DEFINE(DEBUG=1) INTVECTOR(0X0000) INTPROMOTE INCDIR(/home/tadashi/SimplicityS
                    -tudio/v5_workspace/myProject_2/inc;/home/tadashi/Downloads/SimplicityStudio_v5/developer/sdks/8051/v4.2.0//Device/shared
                    -/si8051Base;/home/tadashi/Downloads/SimplicityStudio_v5/developer/sdks/8051/v4.2.0//Device/EFM8LB1/inc) PRINT(.\src/myPr
                    -oject_2_main.lst) COND PAGEWIDTH(120) PAGELENGTH(65) OBJECT(.\src/myProject_2_main.OBJ)

line level    source

   1          //=========================================================
   2          // src/myProject_2_main.c: generated by Hardware Configurator
   3          //
   4          // This file will be updated when saving a document.
   5          // leave the sections inside the "$[...]" comment tags alone
   6          // or they will be overwritten!!
   7          //=========================================================
   8          
   9          //-----------------------------------------------------------------------------
  10          // Includes
  11          //-----------------------------------------------------------------------------
  12          #include <SI_EFM8LB1_Register_Enums.h>                  // SFR declarations
  13          #include "InitDevice.h"
  14          #include "STDIO.H"
  15          
  16          sbit button = P1 ^ 4;  //Push button pin declared
  17          sbit led = P1 ^ 3;     //Led pin declared
  18          bool button_initial=1;
  19          bool button_last=1;
  20          int button_counter=1;
  21          // $[Generated Includes]
  22          // [Generated Includes]$
  23          //-----------------------------------------------------------------------------
  24          // SiLabs_Startup() Routine
  25          
  26          // ----------------------------------------------------------------------------
  27          // This function is called immediately after reset, before the initialization
  28          // code is run in SILABS_STARTUP.A51 (which runs before main() ). This is a
  29          // useful place to disable the watchdog timer, which is enable by default
  30          // and may trigger before main() in some instances.
  31          //-----------------------------------------------------------------------------
  32          
  33          void
  34          SiLabs_Startup (void)
  35          {
  36   1        // $[SiLabs Startup]
  37   1        // [SiLabs Startup]$
  38   1      }
  39          
  40          //-----------------------------------------------------------------------------
  41          // main() Routine
  42          // ----------------------------------------------------------------------------
  43          int
  44          main (void)
  45          {
  46   1        // Call hardware initialization routine
  47   1       enter_DefaultMode_from_RESET ();
  48   1        // P1MDIN_B2__BMASK=0x04;
  49   1      
  50   1        P1 = 0x32;
  51   1        while (1)
C51 COMPILER V9.60.0.0   MYPROJECT_2_MAIN                                                  03/27/2021 20:07:19 PAGE 2   

  52   1          {
  53   2        //    led=0;
  54   2         //   delay(5000);
  55   2         //   led=1;
  56   2         //   delay(5000);
  57   2            button_initial=button;
  58   2            if (button_initial!=button_last){
  59   3                if (button_initial==0){
  60   4                    button_counter++;
  61   4      
  62   4                }else{
  63   4      
  64   4                }
  65   3      
  66   3            }
  67   2            button_last=button_initial;
  68   2      
  69   2            if (button_counter%2==0){
  70   3                led=0;
  71   3            }else
  72   2              {
  73   3                led=1;
  74   3              }
  75   2      
  76   2                            //If pressed switch on le
  77   2                            //If noting led off
  78   2      
  79   2      // $[Generated Run-time code]
  80   2      // [Generated Run-time code]$
  81   2          }
  82   1      }


MODULE INFORMATION:   STATIC OVERLAYABLE
   CODE SIZE        =     58    ----
   CONSTANT SIZE    =   ----    ----
   XDATA SIZE       =   ----    ----
   PDATA SIZE       =   ----    ----
   DATA SIZE        =      2    ----
   IDATA SIZE       =   ----    ----
   BIT SIZE         =      2    ----
   EDATA SIZE       =   ----    ----
   HDATA SIZE       =   ----    ----
   XDATA CONST SIZE =   ----    ----
   FAR CONST SIZE   =   ----    ----
END OF MODULE INFORMATION.


C51 COMPILATION COMPLETE.  0 WARNING(S),  0 ERROR(S)
