C51 COMPILER V9.60.0.0   BUTTON_INTERRUPT_MAIN                                             06/01/2021 10:29:54 PAGE 1   


C51 COMPILER V9.60.0.0, COMPILATION OF MODULE BUTTON_INTERRUPT_MAIN
OBJECT MODULE PLACED IN .\src\Button_interrupt_main.OBJ
COMPILER INVOKED BY: c:\SiliconLabs\SimplicityStudio\v5\developer\toolchains\keil_8051\9.60\BIN\C51.exe D:\year4-semeste
                    -r2\Silicon_lab_year3\Button_interrupt\src\Button_interrupt_main.c OMF2 SMALL DEBUG OBJECTEXTEND ROM(LARGE) WARNINGLEVEL(
                    -2) FLOATFUZZY(3) OPTIMIZE(0,SPEED) DEFINE(DEBUG=1) INTVECTOR(0X0000) INTPROMOTE INCDIR(D:\year4-semester2\Silicon_lab_ye
                    -ar3\Button_interrupt\inc;C:/SiliconLabs/SimplicityStudio/v5/developer/sdks/8051/v4.2.0//Device/shared/si8051Base;C:/Sili
                    -conLabs/SimplicityStudio/v5/developer/sdks/8051/v4.2.0//Device/EFM8LB1/inc) PRINT(.\src\Button_interrupt_main.lst) COND 
                    -PAGEWIDTH(120) PAGELENGTH(65) OBJECT(.\src\Button_interrupt_main.OBJ)

line level    source

   1          //=========================================================
   2          // src/Button_interrupt_main.c: generated by Hardware Configurator
   3          //
   4          // This file will be updated when saving a document.
   5          // leave the sections inside the "$[...]" comment tags alone
   6          // or they will be overwritten!!
   7          //=========================================================
   8          
   9          //-----------------------------------------------------------------------------
  10          // Includes
  11          //-----------------------------------------------------------------------------
  12          #include <SI_EFM8LB1_Register_Enums.h>                  // SFR declarations
  13          #include "InitDevice.h"
  14          // $[Generated Includes]
  15          // [Generated Includes]$
  16          //sbit led = P1 ^ 3;
  17          sbit button = P1 ^ 4;
  18          //unsigned int i;
  19          //-----------------------------------------------------------------------------
  20          // SiLabs_Startup() Routine
  21          // ----------------------------------------------------------------------------
  22          // This function is called immediately after reset, before the initialization
  23          // code is run in SILABS_STARTUP.A51 (which runs before main() ). This is a
  24          // useful place to disable the watchdog timer, which is enable by default
  25          // and may trigger before main() in some instances.
  26          //-----------------------------------------------------------------------------
  27          void
  28          SiLabs_Startup (void)
  29          {
  30   1        // $[SiLabs Startup]
  31   1        // [SiLabs Startup]$
  32   1        WDTCN = 0xDE;
  33   1        WDTCN = 0xAD;
  34   1      }
  35          
  36          //-----------------------------------------------------------------------------
  37          // main() Routine
  38          // ----------------------------------------------------------------------------
  39          int
  40          main (void)
  41          {
  42   1        // Call hardware initialization routine
  43   1        enter_DefaultMode_from_RESET ();
  44   1        XBR2 |= XBR2_XBARE__ENABLED;
  45   1        IE_EA = 1;
  46   1        IE_EX0 = 1;
  47   1        P1MDIN |= P1MDIN_B4__DIGITAL;
  48   1        P1MDOUT |= P1MDOUT_B3__PUSH_PULL;
  49   1        // INT0=button;
  50   1        //led = 0;
  51   1        while (1)
C51 COMPILER V9.60.0.0   BUTTON_INTERRUPT_MAIN                                             06/01/2021 10:29:54 PAGE 2   

  52   1          {
  53   2      
  54   2      // $[Generated Run-time code]
  55   2      // [Generated Run-time code]$
  56   2          }
  57   1      }


MODULE INFORMATION:   STATIC OVERLAYABLE
   CODE SIZE        =     26    ----
   CONSTANT SIZE    =   ----    ----
   XDATA SIZE       =   ----    ----
   PDATA SIZE       =   ----    ----
   DATA SIZE        =   ----    ----
   IDATA SIZE       =   ----    ----
   BIT SIZE         =   ----    ----
   EDATA SIZE       =   ----    ----
   HDATA SIZE       =   ----    ----
   XDATA CONST SIZE =   ----    ----
   FAR CONST SIZE   =   ----    ----
END OF MODULE INFORMATION.


C51 COMPILATION COMPLETE.  0 WARNING(S),  0 ERROR(S)
