C51 COMPILER V9.60.0.0   INTERRUPTS                                                        06/01/2021 10:29:55 PAGE 1   


C51 COMPILER V9.60.0.0, COMPILATION OF MODULE INTERRUPTS
OBJECT MODULE PLACED IN .\src\Interrupts.OBJ
COMPILER INVOKED BY: c:\SiliconLabs\SimplicityStudio\v5\developer\toolchains\keil_8051\9.60\BIN\C51.exe D:\year4-semeste
                    -r2\Silicon_lab_year3\Button_interrupt\src\Interrupts.c OMF2 SMALL DEBUG OBJECTEXTEND ROM(LARGE) WARNINGLEVEL(2) FLOATFUZ
                    -ZY(3) OPTIMIZE(0,SPEED) DEFINE(DEBUG=1) INTVECTOR(0X0000) INTPROMOTE INCDIR(D:\year4-semester2\Silicon_lab_year3\Button_
                    -interrupt\inc;C:/SiliconLabs/SimplicityStudio/v5/developer/sdks/8051/v4.2.0//Device/shared/si8051Base;C:/SiliconLabs/Sim
                    -plicityStudio/v5/developer/sdks/8051/v4.2.0//Device/EFM8LB1/inc) PRINT(.\src\Interrupts.lst) COND PAGEWIDTH(120) PAGELEN
                    -GTH(65) OBJECT(.\src\Interrupts.OBJ)

line level    source

   1          //=========================================================
   2          // src/Interrupts.c: generated by Hardware Configurator
   3          //
   4          // This file will be regenerated when saving a document.
   5          // leave the sections inside the "$[...]" comment tags alone
   6          // or they will be overwritten!!
   7          //=========================================================
   8          
   9          // USER INCLUDES
  10          #include <SI_EFM8LB1_Register_Enums.h>
  11          #include "InitDevice.h"
  12          sbit led=P1^3;
  13          unsigned long i =0;
  14          //-----------------------------------------------------------------------------
  15          // INT0_ISR
  16          //-----------------------------------------------------------------------------
  17          //
  18          // INT0 ISR Content goes here. Remember to clear flag bits:
  19          // TCON::IE0 (External Interrupt 0)
  20          //
  21          //-----------------------------------------------------------------------------
  22          //-----------------------------------------------------------------------------
  23          // INT0_ISR
  24          //-----------------------------------------------------------------------------
  25          //
  26          // INT0 ISR Content goes here. Remember to clear flag bits:
  27          // TCON::IE0 (External Interrupt 0)
  28          //
  29          //-----------------------------------------------------------------------------
  30          
  31          //-----------------------------------------------------------------------------
  32          // INT0_ISR
  33          //-----------------------------------------------------------------------------
  34          //
  35          // INT0 ISR Content goes here. Remember to clear flag bits:
  36          // TCON::IE0 (External Interrupt 0)
  37          //
  38          //-----------------------------------------------------------------------------
  39          SI_INTERRUPT (INT0_ISR, INT0_IRQn)
  40            {
  41   1      
  42   1        led=~led;
  43   1        for ( i=0; i<10;i++)
  44   1          {
  45   2      
  46   2          }
  47   1        TCON_IE0=0;
  48   1        }
  49          


C51 COMPILER V9.60.0.0   INTERRUPTS                                                        06/01/2021 10:29:55 PAGE 2   

MODULE INFORMATION:   STATIC OVERLAYABLE
   CODE SIZE        =    131    ----
   CONSTANT SIZE    =   ----    ----
   XDATA SIZE       =   ----    ----
   PDATA SIZE       =   ----    ----
   DATA SIZE        =      4    ----
   IDATA SIZE       =   ----    ----
   BIT SIZE         =   ----    ----
   EDATA SIZE       =   ----    ----
   HDATA SIZE       =   ----    ----
   XDATA CONST SIZE =   ----    ----
   FAR CONST SIZE   =   ----    ----
END OF MODULE INFORMATION.


C51 COMPILATION COMPLETE.  0 WARNING(S),  0 ERROR(S)
