C51 COMPILER V9.60.0.0   IE1_MAIN                                                          06/01/2021 11:41:44 PAGE 1   


C51 COMPILER V9.60.0.0, COMPILATION OF MODULE IE1_MAIN
OBJECT MODULE PLACED IN .\src\IE1_main.OBJ
COMPILER INVOKED BY: c:\SiliconLabs\SimplicityStudio\v5\developer\toolchains\keil_8051\9.60\BIN\C51.exe D:\year4-semeste
                    -r2\Silicon_lab_year3\IE1\src\IE1_main.c OMF2 SMALL DEBUG OBJECTEXTEND ROM(LARGE) WARNINGLEVEL(2) FLOATFUZZY(3) OPTIMIZE(
                    -0,SPEED) DEFINE(DEBUG=1) INTVECTOR(0X0000) INTPROMOTE INCDIR(D:\year4-semester2\Silicon_lab_year3\IE1\inc;C:/SiliconLabs
                    -/SimplicityStudio/v5/developer/sdks/8051/v4.2.0//Device/shared/si8051Base;C:/SiliconLabs/SimplicityStudio/v5/developer/s
                    -dks/8051/v4.2.0//Device/EFM8LB1/inc) PRINT(.\src\IE1_main.lst) COND PAGEWIDTH(120) PAGELENGTH(65) OBJECT(.\src\IE1_main.
                    -OBJ)

line level    source

   1          //=========================================================
   2          // src/IE1_main.c: generated by Hardware Configurator
   3          //
   4          // This file will be updated when saving a document.
   5          // leave the sections inside the "$[...]" comment tags alone
   6          // or they will be overwritten!!
   7          //=========================================================
   8          
   9          //-----------------------------------------------------------------------------
  10          // Includes
  11          //-----------------------------------------------------------------------------
  12          #include <SI_EFM8LB1_Register_Enums.h>                  // SFR declarations
  13          #include "InitDevice.h"
  14          // $[Generated Includes]
  15          // [Generated Includes]$
  16          sbit led=P1^1;
  17          sbit led1=P1^2;
  18          unsigned long i =0;
  19          //-----------------------------------------------------------------------------
  20          // SiLabs_Startup() Routine
  21          // ----------------------------------------------------------------------------
  22          // This function is called immediately after reset, before the initialization
  23          // code is run in SILABS_STARTUP.A51 (which runs before main() ). This is a
  24          // useful place to disable the watchdog timer, which is enable by default
  25          // and may trigger before main() in some instances.
  26          //-----------------------------------------------------------------------------
  27          void
  28          SiLabs_Startup (void)
  29          {
  30   1        // $[SiLabs Startup]
  31   1        // [SiLabs Startup]$
  32   1        WDTCN = 0xDE;
  33   1        WDTCN = 0xAD;
  34   1      }
  35          
  36          SI_INTERRUPT (INT0_ISR, INT0_IRQn)
  37            {
  38   1      
  39   1        led=~led;
  40   1        for(i=0;i<=10;i++){}
  41   1        TCON_IE0=1;
  42   1        }
  43          //-----------------------------------------------------------------------------
  44          // main() Routine
  45          // ----------------------------------------------------------------------------
  46          int
  47          main (void)
  48          {
  49   1        // Call hardware initialization routine
  50   1       // enter_DefaultMode_from_RESET ();
  51   1        XBR2 |= XBR2_XBARE__ENABLED;
C51 COMPILER V9.60.0.0   IE1_MAIN                                                          06/01/2021 11:41:44 PAGE 2   

  52   1        IE_EA = 1;
  53   1        IE_EX0 = 1;
  54   1       // TCON_IE0=1;
  55   1       // TCON_IT0=1;
  56   1        IT01CF= IT01CF_IN0PL__ACTIVE_LOW | IT01CF_IN0SL__P0_0;
  57   1       // IE_EX0 =IT01CF_IN0PL__ACTIVE_HIGH;
  58   1       // P0MDIN |= P0MDIN_B0__DIGITAL;
  59   1        P1MDOUT |= P1MDOUT_B1__PUSH_PULL;
  60   1        P1MDOUT |= P1MDOUT_B2__PUSH_PULL;
  61   1        //P0SKIP=0XFF;
  62   1        //P1SKIP=0X0F;
  63   1        while (1)
  64   1          {
  65   2            led1=0;
  66   2            for(i=0;i<=1000;i++){}
  67   2            led1=1;
  68   2            for(i=0;i<=1000;i++){}
  69   2      // $[Generated Run-time code]
  70   2      // [Generated Run-time code]$
  71   2          }
  72   1      }


MODULE INFORMATION:   STATIC OVERLAYABLE
   CODE SIZE        =    298    ----
   CONSTANT SIZE    =   ----    ----
   XDATA SIZE       =   ----    ----
   PDATA SIZE       =   ----    ----
   DATA SIZE        =      4    ----
   IDATA SIZE       =   ----    ----
   BIT SIZE         =   ----    ----
   EDATA SIZE       =   ----    ----
   HDATA SIZE       =   ----    ----
   XDATA CONST SIZE =   ----    ----
   FAR CONST SIZE   =   ----    ----
END OF MODULE INFORMATION.


C51 COMPILATION COMPLETE.  0 WARNING(S),  0 ERROR(S)
