C51 COMPILER V9.60.0.0   INITDEVICE                                                        04/12/2021 20:21:44 PAGE 1   


C51 COMPILER V9.60.0.0, COMPILATION OF MODULE INITDEVICE
OBJECT MODULE PLACED IN .\src/InitDevice.OBJ
COMPILER INVOKED BY: Z:\home\tadashi\Downloads\SimplicityStudio_v5\developer\toolchains\keil_8051\9.60\BIN\C51.exe /home
                    -/tadashi/SimplicityStudio/v5_workspace/PWM/src/InitDevice.c OMF2 SMALL DEBUG OBJECTEXTEND ROM(LARGE) WARNINGLEVEL(2) FLO
                    -ATFUZZY(3) OPTIMIZE(0,SPEED) DEFINE(DEBUG=1) INTVECTOR(0X0000) INTPROMOTE INCDIR(/home/tadashi/SimplicityStudio/v5_works
                    -pace/PWM/inc;/home/tadashi/Downloads/SimplicityStudio_v5/developer/sdks/8051/v4.2.0//Device/shared/si8051Base;/home/tada
                    -shi/Downloads/SimplicityStudio_v5/developer/sdks/8051/v4.2.0//Device/EFM8LB1/inc) PRINT(.\src/InitDevice.lst) COND PAGEW
                    -IDTH(120) PAGELENGTH(65) OBJECT(.\src/InitDevice.OBJ)

line level    source

   1          //=========================================================
   2          // src/InitDevice.c: generated by Hardware Configurator
   3          //
   4          // This file will be regenerated when saving a document.
   5          // leave the sections inside the "$[...]" comment tags alone
   6          // or they will be overwritten!!
   7          //=========================================================
   8          
   9          // USER INCLUDES
  10          #include <SI_EFM8LB1_Register_Enums.h>
  11          #include "InitDevice.h"
  12          
  13          // USER PROTOTYPES
  14          // USER FUNCTIONS
  15          
  16          // $[Library Includes]
  17          // [Library Includes]$
  18          
  19          //==============================================================================
  20          // enter_DefaultMode_from_RESET
  21          //==============================================================================
  22          extern void
  23          enter_DefaultMode_from_RESET (void)
  24          {
  25   1        // $[Config Calls]
  26   1        // Save the SFRPAGE
  27   1        uint8_t SFRPAGE_save = SFRPAGE;
  28   1        // Restore the SFRPAGE
  29   1        SFRPAGE = SFRPAGE_save;
  30   1        // [Config Calls]$
  31   1      
  32   1      }
  33          


MODULE INFORMATION:   STATIC OVERLAYABLE
   CODE SIZE        =      7    ----
   CONSTANT SIZE    =   ----    ----
   XDATA SIZE       =   ----    ----
   PDATA SIZE       =   ----    ----
   DATA SIZE        =      1    ----
   IDATA SIZE       =   ----    ----
   BIT SIZE         =   ----    ----
   EDATA SIZE       =   ----    ----
   HDATA SIZE       =   ----    ----
   XDATA CONST SIZE =   ----    ----
   FAR CONST SIZE   =   ----    ----
END OF MODULE INFORMATION.


C51 COMPILATION COMPLETE.  0 WARNING(S),  0 ERROR(S)
