C51 COMPILER V9.60.0.0   DELAY                                                             04/22/2021 21:36:34 PAGE 1   


C51 COMPILER V9.60.0.0, COMPILATION OF MODULE DELAY
OBJECT MODULE PLACED IN .\src\delay.OBJ
COMPILER INVOKED BY: c:\SiliconLabs\SimplicityStudio\v5\developer\toolchains\keil_8051\9.60\BIN\C51.exe D:\year4-semeste
                    -r2\Silicon_lab_year3\Ultrasonic_sensor\src\delay.c OMF2 SMALL DEBUG OBJECTEXTEND ROM(LARGE) WARNINGLEVEL(2) FLOATFUZZY(3
                    -) OPTIMIZE(0,SPEED) DEFINE(DEBUG=1) INTVECTOR(0X0000) INTPROMOTE INCDIR(D:\year4-semester2\Silicon_lab_year3\Ultrasonic_
                    -sensor\inc;C:/SiliconLabs/SimplicityStudio/v5/developer/sdks/8051/v4.2.0//Device/shared/si8051Base;C:/SiliconLabs/Simpli
                    -cityStudio/v5/developer/sdks/8051/v4.2.0//Device/EFM8LB1/inc) PRINT(.\src\delay.lst) COND PAGEWIDTH(120) PAGELENGTH(65) 
                    -OBJECT(.\src\delay.OBJ)

line level    source

   1          /*
   2           * delay.c
   3           *
   4           *  Created on: Apr 19, 2021
   5           *      Author: tadashi
   6           */
   7          
   8          
   9          #include "delay.h"
  10          
  11          
  12          void delay_ms(uint32_t t){
  13   1        uint32_t count=0;
  14   1        CKCON0 =CKCON0_T0M__PRESCALE | CKCON0_SCA__SYSCLK_DIV_48;
  15   1        TMOD |= TMOD_T0M__MODE1;
  16   1        TH0=0XFE;
  17   1        TL0=0X01;
  18   1        TCON_TR0=1;
  19   1        while(1){
  20   2            if(TCON_TF0==1){
  21   3                count++;
  22   3                TCON_TF0=0;
  23   3                TH0=0XFE;
  24   3                TL0=0X01;
  25   3                //TCON_TR0=1;
  26   3            }
  27   2            if(count>=t){
  28   3                break;
  29   3            }
  30   2        }
  31   1        TCON_TF0=0;
  32   1        TCON_TR0=0;
  33   1      }


MODULE INFORMATION:   STATIC OVERLAYABLE
   CODE SIZE        =    108    ----
   CONSTANT SIZE    =   ----    ----
   XDATA SIZE       =   ----    ----
   PDATA SIZE       =   ----    ----
   DATA SIZE        =      8    ----
   IDATA SIZE       =   ----    ----
   BIT SIZE         =   ----    ----
   EDATA SIZE       =   ----    ----
   HDATA SIZE       =   ----    ----
   XDATA CONST SIZE =   ----    ----
   FAR CONST SIZE   =   ----    ----
END OF MODULE INFORMATION.


C51 COMPILATION COMPLETE.  0 WARNING(S),  0 ERROR(S)
