C51 COMPILER V9.60.0.0   INITDEVICE                                                        04/22/2021 21:36:33 PAGE 1   


C51 COMPILER V9.60.0.0, COMPILATION OF MODULE INITDEVICE
OBJECT MODULE PLACED IN .\src\InitDevice.OBJ
COMPILER INVOKED BY: c:\SiliconLabs\SimplicityStudio\v5\developer\toolchains\keil_8051\9.60\BIN\C51.exe D:\year4-semeste
                    -r2\Silicon_lab_year3\Ultrasonic_sensor\src\InitDevice.c OMF2 SMALL DEBUG OBJECTEXTEND ROM(LARGE) WARNINGLEVEL(2) FLOATFU
                    -ZZY(3) OPTIMIZE(0,SPEED) DEFINE(DEBUG=1) INTVECTOR(0X0000) INTPROMOTE INCDIR(D:\year4-semester2\Silicon_lab_year3\Ultras
                    -onic_sensor\inc;C:/SiliconLabs/SimplicityStudio/v5/developer/sdks/8051/v4.2.0//Device/shared/si8051Base;C:/SiliconLabs/S
                    -implicityStudio/v5/developer/sdks/8051/v4.2.0//Device/EFM8LB1/inc) PRINT(.\src\InitDevice.lst) COND PAGEWIDTH(120) PAGEL
                    -ENGTH(65) OBJECT(.\src\InitDevice.OBJ)

line level    source

   1          //=========================================================
   2          // src/InitDevice.c: generated by Hardware Configurator
   3          //
   4          // This file will be regenerated when saving a document.
   5          // leave the sections inside the "$[...]" comment tags alone
   6          // or they will be overwritten!!
   7          //=========================================================
   8          
   9          // USER INCLUDES
  10          #include <SI_EFM8LB1_Register_Enums.h>
  11          #include "InitDevice.h"
  12          
  13          // USER PROTOTYPES
  14          // USER FUNCTIONS
  15          
  16          // $[Library Includes]
  17          // [Library Includes]$
  18          
  19          //==============================================================================
  20          // enter_DefaultMode_from_RESET
  21          //==============================================================================
  22          extern void
  23          enter_DefaultMode_from_RESET (void)
  24          {
  25   1        // $[Config Calls]
  26   1        // Save the SFRPAGE
  27   1        uint8_t SFRPAGE_save = SFRPAGE;
  28   1        WDT_0_enter_DefaultMode_from_RESET ();
  29   1        PBCFG_0_enter_DefaultMode_from_RESET ();
  30   1        // Restore the SFRPAGE
  31   1        SFRPAGE = SFRPAGE_save;
  32   1        // [Config Calls]$
  33   1      
  34   1      }
  35          
  36          extern void
  37          PBCFG_0_enter_DefaultMode_from_RESET (void)
  38          {
  39   1      
  40   1        // $[XBR2 - Port I/O Crossbar 2]
  41   1        /***********************************************************************
  42   1         - Weak Pullups enabled 
  43   1         - Crossbar enabled
  44   1         - UART1 I/O unavailable at Port pin
  45   1         - UART1 RTS1 unavailable at Port pin
  46   1         - UART1 CTS1 unavailable at Port pin
  47   1         ***********************************************************************/
  48   1        XBR2 = XBR2_WEAKPUD__PULL_UPS_ENABLED | XBR2_XBARE__ENABLED
  49   1            | XBR2_URT1E__DISABLED | XBR2_URT1RTSE__DISABLED
  50   1            | XBR2_URT1CTSE__DISABLED;
  51   1        // [XBR2 - Port I/O Crossbar 2]$
C51 COMPILER V9.60.0.0   INITDEVICE                                                        04/22/2021 21:36:33 PAGE 2   

  52   1      
  53   1        // $[PRTDRV - Port Drive Strength]
  54   1        // [PRTDRV - Port Drive Strength]$
  55   1      
  56   1        // $[XBR0 - Port I/O Crossbar 0]
  57   1        // [XBR0 - Port I/O Crossbar 0]$
  58   1      
  59   1        // $[XBR1 - Port I/O Crossbar 1]
  60   1        // [XBR1 - Port I/O Crossbar 1]$
  61   1      
  62   1      }
  63          
  64          extern void
  65          CLOCK_0_enter_DefaultMode_from_RESET (void)
  66          {
  67   1      
  68   1      }
  69          
  70          extern void
  71          SMBUS_0_enter_DefaultMode_from_RESET (void)
  72          {
  73   1      
  74   1      }
  75          
  76          extern void
  77          WDT_0_enter_DefaultMode_from_RESET (void)
  78          {
  79   1        // $[Watchdog Timer Init Variable Declarations]
  80   1        uint32_t i;
  81   1        bool ea;
  82   1        // [Watchdog Timer Init Variable Declarations]$
  83   1      
  84   1        // $[WDTCN - Watchdog Timer Control]
  85   1        // Deprecated
  86   1        // [WDTCN - Watchdog Timer Control]$
  87   1      
  88   1        // $[WDTCN_2 - Watchdog Timer Control]
  89   1        SFRPAGE = 0x00;
  90   1      
  91   1        // Feed WDT timer before disabling (Erratum WDT_E102)
  92   1        WDTCN = 0xA5;
  93   1      
  94   1        // Add 2 LFO cycle delay before disabling WDT (Erratum WDT_E102)
  95   1        for (i = 0; i < (2 * 3062500UL) / (80000 * 3); i++)
  96   1          {
  97   2            NOP ();
  98   2          }
  99   1      
 100   1        // Disable WDT
 101   1        ea = IE_EA;
 102   1        IE_EA = 0;
 103   1        WDTCN = 0xDE;
 104   1        WDTCN = 0xAD;
 105   1        IE_EA = ea;
 106   1      
 107   1        // [WDTCN_2 - Watchdog Timer Control]$
 108   1      
 109   1      }
 110          


MODULE INFORMATION:   STATIC OVERLAYABLE
   CODE SIZE        =    111    ----
C51 COMPILER V9.60.0.0   INITDEVICE                                                        04/22/2021 21:36:33 PAGE 3   

   CONSTANT SIZE    =   ----    ----
   XDATA SIZE       =   ----    ----
   PDATA SIZE       =   ----    ----
   DATA SIZE        =      5    ----
   IDATA SIZE       =   ----    ----
   BIT SIZE         =      1    ----
   EDATA SIZE       =   ----    ----
   HDATA SIZE       =   ----    ----
   XDATA CONST SIZE =   ----    ----
   FAR CONST SIZE   =   ----    ----
END OF MODULE INFORMATION.


C51 COMPILATION COMPLETE.  0 WARNING(S),  0 ERROR(S)
