C51 COMPILER V9.60.0.0   INTERRUPTS                                                        02/24/2021 18:03:03 PAGE 1   


C51 COMPILER V9.60.0.0, COMPILATION OF MODULE INTERRUPTS
OBJECT MODULE PLACED IN .\src/Interrupts.OBJ
COMPILER INVOKED BY: Z:\home\tadashi\Downloads\SimplicityStudio_v5\developer\toolchains\keil_8051\9.60\BIN\C51.exe /home
                    -/tadashi/SimplicityStudio/v5_workspace/myProject/src/Interrupts.c OMF2 SMALL DEBUG OBJECTEXTEND ROM(LARGE) WARNINGLEVEL(
                    -2) FLOATFUZZY(3) OPTIMIZE(0,SPEED) DEFINE(DEBUG=1) INTVECTOR(0X0000) INTPROMOTE INCDIR(/home/tadashi/SimplicityStudio/v5
                    -_workspace/myProject/inc;/home/tadashi/Downloads/SimplicityStudio_v5/developer/sdks/8051/v4.2.0//Device/shared/si8051Bas
                    -e;/home/tadashi/Downloads/SimplicityStudio_v5/developer/sdks/8051/v4.2.0//Device/EFM8LB1/inc) PRINT(.\src/Interrupts.lst
                    -) COND PAGEWIDTH(120) PAGELENGTH(65) OBJECT(.\src/Interrupts.OBJ)

line level    source

   1          //=========================================================
   2          // src/Interrupts.c: generated by Hardware Configurator
   3          //
   4          // This file will be regenerated when saving a document.
   5          // leave the sections inside the "$[...]" comment tags alone
   6          // or they will be overwritten!!
   7          //=========================================================
   8          
   9          // USER INCLUDES
  10          #include <SI_EFM8LB1_Register_Enums.h>
  11          int LEDCOUNT = 0;
  12          
  13          SI_SBIT(LED0, SFR_P1, 0); // P1.0 LED0
  14          //-----------------------------------------------------------------------------
  15          // TIMER2_ISR
  16          //-----------------------------------------------------------------------------
  17          //
  18          // TIMER2 ISR Content goes here. Remember to clear flag bits:
  19          // TMR2CN0::TF2H (Timer # High Byte Overflow Flag)
  20          // TMR2CN0::TF2L (Timer # Low Byte Overflow Flag)
  21          //
  22          //-----------------------------------------------------------------------------
  23          SI_INTERRUPT (TIMER2_ISR, TIMER2_IRQn)
  24            {
  25   1        TMR2CN0_TF2H = 0; // Clear Timer2 interrupt flag
  26   1         if(LEDCOUNT == 10)
  27   1         {
  28   2          LED0 = ~LED0;
  29   2          LEDCOUNT = 0;
  30   2         }
  31   1         LEDCOUNT++;
  32   1        }
  33          


MODULE INFORMATION:   STATIC OVERLAYABLE
   CODE SIZE        =     34    ----
   CONSTANT SIZE    =   ----    ----
   XDATA SIZE       =   ----    ----
   PDATA SIZE       =   ----    ----
   DATA SIZE        =      2    ----
   IDATA SIZE       =   ----    ----
   BIT SIZE         =   ----    ----
   EDATA SIZE       =   ----    ----
   HDATA SIZE       =   ----    ----
   XDATA CONST SIZE =   ----    ----
   FAR CONST SIZE   =   ----    ----
END OF MODULE INFORMATION.


C51 COMPILATION COMPLETE.  0 WARNING(S),  0 ERROR(S)
