C51 COMPILER V9.60.0.0   MYPROJECT_3_MAIN                                                  05/13/2021 00:28:59 PAGE 1   


C51 COMPILER V9.60.0.0, COMPILATION OF MODULE MYPROJECT_3_MAIN
OBJECT MODULE PLACED IN .\src\myProject_3_main.OBJ
COMPILER INVOKED BY: c:\SiliconLabs\SimplicityStudio\v5\developer\toolchains\keil_8051\9.60\BIN\C51.exe D:\year4-semeste
                    -r2\Silicon_lab_year3\myProject_3\src\myProject_3_main.c OMF2 SMALL DEBUG OBJECTEXTEND ROM(LARGE) WARNINGLEVEL(2) FLOATFU
                    -ZZY(3) OPTIMIZE(0,SPEED) DEFINE(DEBUG=1) INTVECTOR(0X0000) INTPROMOTE INCDIR(D:\year4-semester2\Silicon_lab_year3\myProj
                    -ect_3\inc;C:/SiliconLabs/SimplicityStudio/v5/developer/sdks/8051/v4.2.0//Device/shared/si8051Base;C:/SiliconLabs/Simplic
                    -ityStudio/v5/developer/sdks/8051/v4.2.0//Device/EFM8LB1/inc) PRINT(.\src\myProject_3_main.lst) COND PAGEWIDTH(120) PAGEL
                    -ENGTH(65) OBJECT(.\src\myProject_3_main.OBJ)

line level    source

   1          //=========================================================
   2          // src/myProject_3_main.c: generated by Hardware Configurator
   3          //
   4          // This file will be updated when saving a document.
   5          // leave the sections inside the "$[...]" comment tags alone
   6          // or they will be overwritten!!
   7          //=========================================================
   8          
   9          //-----------------------------------------------------------------------------
  10          // Includes
  11          //-----------------------------------------------------------------------------
  12          #include <SI_EFM8LB1_Register_Enums.h>                  // SFR declarations
  13          #include "InitDevice.h"
  14          // $[Generated Includes]
  15          // [Generated Includes]$
  16          
  17          //-----------------------------------------------------------------------------
  18          // SiLabs_Startup() Routine
  19          // ----------------------------------------------------------------------------
  20          // This function is called immediately after reset, before the initialization
  21          // code is run in SILABS_STARTUP.A51 (which runs before main() ). This is a
  22          // useful place to disable the watchdog timer, which is enable by default
  23          // and may trigger before main() in some instances.
  24          //-----------------------------------------------------------------------------
  25          void
  26          SiLabs_Startup (void)
  27          {
  28   1        // $[SiLabs Startup]
  29   1        // [SiLabs Startup]$
  30   1        WDTCN = 0xDE;
  31   1        WDTCN = 0xAD;
  32   1      }
  33          
  34          void Uart_timer ()
  35          {
  36   1      
  37   1      
  38   1      //  TL1=0X96;
  39   1        TH1 = 0X96;
  40   1        TCON_TR1 = 1;
  41   1      
  42   1      }
  43          
  44          void crossbar_enable ()
  45          {
  46   1        XBR2 |= XBR2_XBARE__ENABLED;
  47   1        XBR0 |= XBR0_URT0E__ENABLED;
  48   1      
  49   1        P0MDOUT =P0MDOUT_B4__PUSH_PULL | P0MDOUT_B5__PUSH_PULL;
  50   1      
  51   1      }
C51 COMPILER V9.60.0.0   MYPROJECT_3_MAIN                                                  05/13/2021 00:28:59 PAGE 2   

  52          void put_char(char c)
  53          {
  54   1        SBUF0 = c; // write character to buffer
  55   1        while (!SCON0_TI); // wait for Tx to be complete
  56   1        SCON0_TI = 0; // clear Tx flag
  57   1      }
  58          
  59          void put_string(char* str)
  60          {
  61   1        // send character until null-termination is found
  62   1        while (*str != '\x0')
  63   1        {
  64   2          put_char(*(str));
  65   2          str++;
  66   2        }
  67   1      }
  68          
  69          //-----------------------------------------------------------------------------
  70          // main() Routine
  71          // ----------------------------------------------------------------------------
  72          int
  73          main (void)
  74          {
  75   1        // Call hardware initialization routine
  76   1        //enter_DefaultMode_from_RESET ();
  77   1        CLKSEL = CLKSEL_CLKDIV__SYSCLK_DIV_1 | CLKSEL_CLKSL__HFOSC0;
  78   1        CKCON0 |= CKCON0_T1M__SYSCLK;
  79   1        TMOD |= TMOD_T1M__MODE2;
  80   1        crossbar_enable();
  81   1        Uart_timer();
  82   1        while (1)
  83   1          {
  84   2            char x[]="hello world\t";
  85   2            put_string(x);
  86   2      
  87   2            put_string("i am theara\n");
  88   2      // $[Generated Run-time code]
  89   2      // [Generated Run-time code]$
  90   2          }
  91   1      }


MODULE INFORMATION:   STATIC OVERLAYABLE
   CODE SIZE        =    153    ----
   CONSTANT SIZE    =     26    ----
   XDATA SIZE       =   ----    ----
   PDATA SIZE       =   ----    ----
   DATA SIZE        =     17    ----
   IDATA SIZE       =   ----    ----
   BIT SIZE         =   ----    ----
   EDATA SIZE       =   ----    ----
   HDATA SIZE       =   ----    ----
   XDATA CONST SIZE =   ----    ----
   FAR CONST SIZE   =   ----    ----
END OF MODULE INFORMATION.


C51 COMPILATION COMPLETE.  0 WARNING(S),  0 ERROR(S)
