C51 COMPILER V9.60.0.0   INITDEVICE                                                        03/31/2021 22:49:42 PAGE 1   


C51 COMPILER V9.60.0.0, COMPILATION OF MODULE INITDEVICE
OBJECT MODULE PLACED IN .\src/InitDevice.OBJ
COMPILER INVOKED BY: Z:\home\tadashi\Downloads\SimplicityStudio_v5\developer\toolchains\keil_8051\9.60\BIN\C51.exe /home
                    -/tadashi/SimplicityStudio/v5_workspace/myProject_6/src/InitDevice.c OMF2 SMALL DEBUG OBJECTEXTEND ROM(LARGE) WARNINGLEVE
                    -L(2) FLOATFUZZY(3) OPTIMIZE(0,SPEED) DEFINE(DEBUG=1) INTVECTOR(0X0000) INTPROMOTE INCDIR(/home/tadashi/SimplicityStudio/
                    -v5_workspace/myProject_6/inc;/home/tadashi/Downloads/SimplicityStudio_v5/developer/sdks/8051/v4.2.0//Device/shared/si805
                    -1Base;/home/tadashi/Downloads/SimplicityStudio_v5/developer/sdks/8051/v4.2.0//Device/EFM8LB1/inc) PRINT(.\src/InitDevice
                    -.lst) COND PAGEWIDTH(120) PAGELENGTH(65) OBJECT(.\src/InitDevice.OBJ)

line level    source

   1          //=========================================================
   2          // src/InitDevice.c: generated by Hardware Configurator
   3          //
   4          // This file will be regenerated when saving a document.
   5          // leave the sections inside the "$[...]" comment tags alone
   6          // or they will be overwritten!!
   7          //=========================================================
   8          
   9          // USER INCLUDES
  10          #include <SI_EFM8LB1_Register_Enums.h>
  11          #include "InitDevice.h"
  12          
  13          // USER PROTOTYPES
  14          // USER FUNCTIONS
  15          
  16          // $[Library Includes]
  17          // [Library Includes]$
  18          
  19          //==============================================================================
  20          // enter_DefaultMode_from_RESET
  21          //==============================================================================
  22          extern void
  23          enter_DefaultMode_from_RESET (void)
  24          {
  25   1        // $[Config Calls]
  26   1        // Save the SFRPAGE
  27   1        uint8_t SFRPAGE_save = SFRPAGE;
  28   1        PBCFG_0_enter_DefaultMode_from_RESET ();
  29   1        // Restore the SFRPAGE
  30   1        SFRPAGE = SFRPAGE_save;
  31   1        // [Config Calls]$
  32   1      
  33   1      }
  34          
  35          extern void
  36          PORTS_1_enter_DefaultMode_from_RESET (void)
  37          {
  38   1        // $[P1 - Port 1 Pin Latch]
  39   1        // [P1 - Port 1 Pin Latch]$
  40   1      
  41   1        // $[P1MDOUT - Port 1 Output Mode]
  42   1        /***********************************************************************
  43   1         - P1.0 output is open-drain
  44   1         - P1.1 output is open-drain
  45   1         - P1.2 output is open-drain
  46   1         - P1.3 output is push-pull
  47   1         - P1.4 output is open-drain
  48   1         - P1.5 output is open-drain
  49   1         - P1.6 output is open-drain
  50   1         - P1.7 output is open-drain
  51   1         ***********************************************************************/
C51 COMPILER V9.60.0.0   INITDEVICE                                                        03/31/2021 22:49:42 PAGE 2   

  52   1        SFRPAGE = 0x00;
  53   1        P1MDOUT = P1MDOUT_B0__OPEN_DRAIN | P1MDOUT_B1__OPEN_DRAIN
  54   1            | P1MDOUT_B2__OPEN_DRAIN | P1MDOUT_B3__PUSH_PULL | P1MDOUT_B4__OPEN_DRAIN
  55   1            | P1MDOUT_B5__OPEN_DRAIN | P1MDOUT_B6__OPEN_DRAIN
  56   1            | P1MDOUT_B7__OPEN_DRAIN;
  57   1        // [P1MDOUT - Port 1 Output Mode]$
  58   1      
  59   1        // $[P1MDIN - Port 1 Input Mode]
  60   1        // [P1MDIN - Port 1 Input Mode]$
  61   1      
  62   1        // $[P1SKIP - Port 1 Skip]
  63   1        // [P1SKIP - Port 1 Skip]$
  64   1      
  65   1        // $[P1MASK - Port 1 Mask]
  66   1        // [P1MASK - Port 1 Mask]$
  67   1      
  68   1        // $[P1MAT - Port 1 Match]
  69   1        // [P1MAT - Port 1 Match]$
  70   1      
  71   1      }
  72          
  73          extern void
  74          PBCFG_0_enter_DefaultMode_from_RESET (void)
  75          {
  76   1        // $[XBR2 - Port I/O Crossbar 2]
  77   1        /***********************************************************************
  78   1         - Weak Pullups enabled 
  79   1         - Crossbar enabled
  80   1         - UART1 I/O unavailable at Port pin
  81   1         - UART1 RTS1 unavailable at Port pin
  82   1         - UART1 CTS1 unavailable at Port pin
  83   1         ***********************************************************************/
  84   1        SFRPAGE = 0x00;
  85   1        XBR2 = XBR2_WEAKPUD__PULL_UPS_ENABLED | XBR2_XBARE__ENABLED
  86   1            | XBR2_URT1E__DISABLED | XBR2_URT1RTSE__DISABLED
  87   1            | XBR2_URT1CTSE__DISABLED;
  88   1        // [XBR2 - Port I/O Crossbar 2]$
  89   1      
  90   1        // $[PRTDRV - Port Drive Strength]
  91   1        // [PRTDRV - Port Drive Strength]$
  92   1      
  93   1        // $[XBR0 - Port I/O Crossbar 0]
  94   1        // [XBR0 - Port I/O Crossbar 0]$
  95   1      
  96   1        // $[XBR1 - Port I/O Crossbar 1]
  97   1        // [XBR1 - Port I/O Crossbar 1]$
  98   1      
  99   1      }
 100          


MODULE INFORMATION:   STATIC OVERLAYABLE
   CODE SIZE        =     24    ----
   CONSTANT SIZE    =   ----    ----
   XDATA SIZE       =   ----    ----
   PDATA SIZE       =   ----    ----
   DATA SIZE        =      1    ----
   IDATA SIZE       =   ----    ----
   BIT SIZE         =   ----    ----
   EDATA SIZE       =   ----    ----
   HDATA SIZE       =   ----    ----
   XDATA CONST SIZE =   ----    ----
   FAR CONST SIZE   =   ----    ----
C51 COMPILER V9.60.0.0   INITDEVICE                                                        03/31/2021 22:49:42 PAGE 3   

END OF MODULE INFORMATION.


C51 COMPILATION COMPLETE.  0 WARNING(S),  0 ERROR(S)
