C51 COMPILER V9.60.0.0   INTERRUPTS                                                        06/03/2021 09:36:06 PAGE 1   


C51 COMPILER V9.60.0.0, COMPILATION OF MODULE INTERRUPTS
OBJECT MODULE PLACED IN .\src\Interrupts.OBJ
COMPILER INVOKED BY: c:\SiliconLabs\SimplicityStudio\v5\developer\toolchains\keil_8051\9.60\BIN\C51.exe D:\year4-semeste
                    -r2\Silicon_lab_year3\Interrupt\src\Interrupts.c OMF2 SMALL DEBUG OBJECTEXTEND ROM(LARGE) WARNINGLEVEL(2) FLOATFUZZY(3) O
                    -PTIMIZE(0,SPEED) DEFINE(DEBUG=1) INTVECTOR(0X0000) INTPROMOTE INCDIR(D:\year4-semester2\Silicon_lab_year3\Interrupt\inc;
                    -C:/SiliconLabs/SimplicityStudio/v5/developer/sdks/8051/v4.2.0//Device/shared/si8051Base;C:/SiliconLabs/SimplicityStudio/
                    -v5/developer/sdks/8051/v4.2.0//Device/EFM8LB1/inc) PRINT(.\src\Interrupts.lst) COND PAGEWIDTH(120) PAGELENGTH(65) OBJECT
                    -(.\src\Interrupts.OBJ)

line level    source

   1          //=========================================================
   2          // src/Interrupts.c: generated by Hardware Configurator
   3          //
   4          // This file will be regenerated when saving a document.
   5          // leave the sections inside the "$[...]" comment tags alone
   6          // or they will be overwritten!!
   7          //=========================================================
   8          
   9          // USER INCLUDES
  10          #include <SI_EFM8LB1_Register_Enums.h>
  11          
  12          sbit led=P1^3;
  13          //-----------------------------------------------------------------------------
  14          // INT0_ISR
  15          //-----------------------------------------------------------------------------
  16          //
  17          // INT0 ISR Content goes here. Remember to clear flag bits:
  18          // TCON::IE0 (External Interrupt 0)
  19          //
  20          //-----------------------------------------------------------------------------
  21          SI_INTERRUPT (INT0_ISR, INT0_IRQn)
  22            {
  23   1        led=~led;
  24   1        }
  25          


MODULE INFORMATION:   STATIC OVERLAYABLE
   CODE SIZE        =      6    ----
   CONSTANT SIZE    =   ----    ----
   XDATA SIZE       =   ----    ----
   PDATA SIZE       =   ----    ----
   DATA SIZE        =   ----    ----
   IDATA SIZE       =   ----    ----
   BIT SIZE         =   ----    ----
   EDATA SIZE       =   ----    ----
   HDATA SIZE       =   ----    ----
   XDATA CONST SIZE =   ----    ----
   FAR CONST SIZE   =   ----    ----
END OF MODULE INFORMATION.


C51 COMPILATION COMPLETE.  0 WARNING(S),  0 ERROR(S)
