C51 COMPILER V9.60.0.0   SMBUS_MAIN                                                        05/12/2021 21:03:51 PAGE 1   


C51 COMPILER V9.60.0.0, COMPILATION OF MODULE SMBUS_MAIN
OBJECT MODULE PLACED IN .\src\SMBUS_main.OBJ
COMPILER INVOKED BY: c:\SiliconLabs\SimplicityStudio\v5\developer\toolchains\keil_8051\9.60\BIN\C51.exe D:\year4-semeste
                    -r2\Silicon_lab_year3\SMBUS\src\SMBUS_main.c OMF2 SMALL DEBUG OBJECTEXTEND ROM(LARGE) WARNINGLEVEL(2) FLOATFUZZY(3) OPTIM
                    -IZE(0,SPEED) DEFINE(DEBUG=1) INTVECTOR(0X0000) INTPROMOTE INCDIR(D:\year4-semester2\Silicon_lab_year3\SMBUS\inc;C:/Silic
                    -onLabs/SimplicityStudio/v5/developer/sdks/8051/v4.2.0//Device/shared/si8051Base;C:/SiliconLabs/SimplicityStudio/v5/devel
                    -oper/sdks/8051/v4.2.0//Device/EFM8LB1/inc) PRINT(.\src\SMBUS_main.lst) COND PAGEWIDTH(120) PAGELENGTH(65) OBJECT(.\src\S
                    -MBUS_main.OBJ)

line level    source

   1          //=========================================================
   2          // src/SMBUS_main.c: generated by Hardware Configurator
   3          //
   4          // This file will be updated when saving a document.
   5          // leave the sections inside the "$[...]" comment tags alone
   6          // or they will be overwritten!!
   7          //=========================================================
   8          
   9          //-----------------------------------------------------------------------------
  10          // Includes
  11          //-----------------------------------------------------------------------------
  12          #include <SI_EFM8LB1_Register_Enums.h>                  // SFR declarations
  13          #include "InitDevice.h"
  14          // $[Generated Includes]
  15          // [Generated Includes]$
  16          
  17          //-----------------------------------------------------------------------------
  18          // SiLabs_Startup() Routine
  19          // ----------------------------------------------------------------------------
  20          // This function is called immediately after reset, before the initialization
  21          // code is run in SILABS_STARTUP.A51 (which runs before main() ). This is a
  22          // useful place to disable the watchdog timer, which is enable by default
  23          // and may trigger before main() in some instances.
  24          //-----------------------------------------------------------------------------
  25          void
  26          SiLabs_Startup (void)
  27          {
  28   1        // $[SiLabs Startup]
  29   1        // [SiLabs Startup]$
  30   1      }
  31          
  32          //-----------------------------------------------------------------------------
  33          // main() Routine
  34          // ----------------------------------------------------------------------------
  35          int
  36          main (void)
  37          {
  38   1        // Call hardware initialization routine
  39   1        enter_DefaultMode_from_RESET ();
  40   1      
  41   1        while (1)
  42   1          {
  43   2      // $[Generated Run-time code]
  44   2      // [Generated Run-time code]$
  45   2          }
  46   1      }


MODULE INFORMATION:   STATIC OVERLAYABLE
   CODE SIZE        =      7    ----
   CONSTANT SIZE    =   ----    ----
C51 COMPILER V9.60.0.0   SMBUS_MAIN                                                        05/12/2021 21:03:51 PAGE 2   

   XDATA SIZE       =   ----    ----
   PDATA SIZE       =   ----    ----
   DATA SIZE        =   ----    ----
   IDATA SIZE       =   ----    ----
   BIT SIZE         =   ----    ----
   EDATA SIZE       =   ----    ----
   HDATA SIZE       =   ----    ----
   XDATA CONST SIZE =   ----    ----
   FAR CONST SIZE   =   ----    ----
END OF MODULE INFORMATION.


C51 COMPILATION COMPLETE.  0 WARNING(S),  0 ERROR(S)
