C51 COMPILER V9.60.0.0   SERIAL                                                            05/13/2021 11:01:44 PAGE 1   


C51 COMPILER V9.60.0.0, COMPILATION OF MODULE SERIAL
OBJECT MODULE PLACED IN .\src\serial.OBJ
COMPILER INVOKED BY: c:\SiliconLabs\SimplicityStudio\v5\developer\toolchains\keil_8051\9.60\BIN\C51.exe D:\year4-semeste
                    -r2\Silicon_lab_year3\uart0\src\serial.c OMF2 SMALL DEBUG OBJECTEXTEND ROM(LARGE) WARNINGLEVEL(2) FLOATFUZZY(3) OPTIMIZE(
                    -0,SPEED) DEFINE(DEBUG=1) INTVECTOR(0X0000) INTPROMOTE INCDIR(D:\year4-semester2\Silicon_lab_year3\uart0\inc;C:/SiliconLa
                    -bs/SimplicityStudio/v5/developer/sdks/8051/v4.2.0//Device/shared/si8051Base;C:/SiliconLabs/SimplicityStudio/v5/developer
                    -/sdks/8051/v4.2.0//Device/EFM8LB1/inc) PRINT(.\src\serial.lst) COND PAGEWIDTH(120) PAGELENGTH(65) OBJECT(.\src\serial.OB
                    -J)

line level    source

   1          /*
   2           * serial.c
   3           *
   4           *  Created on: May 13, 2021
   5           *      Author: sengt
   6           */
   7          
   8          
   9          #include "serial.h"
  10          
  11          void uart_timer(){
  12   1        TH1= 0X96;  //150 -> 0X96
  13   1        TCON_TR1=1;
  14   1      }
  15          void put_char(char c){
  16   1        SBUF0=c; // write character c to buffer
  17   1        while(!SCON0_TI); //wait for TX to be completed
  18   1        SCON0_TI=0; //clear TX
  19   1      
  20   1      }
  21          void put_string(char* str){
  22   1      
  23   1        while (*str != '\x0'){
  24   2            put_char(*(str));
  25   2            str++;
  26   2        }
  27   1      }
  28          char receive_char(){
  29   1        char receive;
  30   1        SCON0 |= SCON0_REN__RECEIVE_ENABLED;
  31   1        receive=SBUF0;
  32   1        while (!SCON0_RI);
  33   1        SCON0_RI=0;
  34   1        return receive;
  35   1      }


MODULE INFORMATION:   STATIC OVERLAYABLE
   CODE SIZE        =     77    ----
   CONSTANT SIZE    =   ----    ----
   XDATA SIZE       =   ----    ----
   PDATA SIZE       =   ----    ----
   DATA SIZE        =      5    ----
   IDATA SIZE       =   ----    ----
   BIT SIZE         =   ----    ----
   EDATA SIZE       =   ----    ----
   HDATA SIZE       =   ----    ----
   XDATA CONST SIZE =   ----    ----
   FAR CONST SIZE   =   ----    ----
END OF MODULE INFORMATION.


C51 COMPILATION COMPLETE.  0 WARNING(S),  0 ERROR(S)
