C51 COMPILER V9.60.0.0   MYPROJECT_7_MAIN                                                  04/01/2021 00:32:28 PAGE 1   


C51 COMPILER V9.60.0.0, COMPILATION OF MODULE MYPROJECT_7_MAIN
OBJECT MODULE PLACED IN .\src/myProject_7_main.OBJ
COMPILER INVOKED BY: Z:\home\tadashi\Downloads\SimplicityStudio_v5\developer\toolchains\keil_8051\9.60\BIN\C51.exe /home
                    -/tadashi/SimplicityStudio/v5_workspace/myProject_7/src/myProject_7_main.c OMF2 SMALL DEBUG OBJECTEXTEND ROM(LARGE) WARNI
                    -NGLEVEL(2) FLOATFUZZY(3) OPTIMIZE(0,SPEED) DEFINE(DEBUG=1) INTVECTOR(0X0000) INTPROMOTE INCDIR(/home/tadashi/SimplicityS
                    -tudio/v5_workspace/myProject_7/inc;/home/tadashi/Downloads/SimplicityStudio_v5/developer/sdks/8051/v4.2.0//Device/shared
                    -/si8051Base;/home/tadashi/Downloads/SimplicityStudio_v5/developer/sdks/8051/v4.2.0//Device/EFM8LB1/inc) PRINT(.\src/myPr
                    -oject_7_main.lst) COND PAGEWIDTH(120) PAGELENGTH(65) OBJECT(.\src/myProject_7_main.OBJ)

line level    source

   1          //=========================================================
   2          // src/myProject_7_main.c: generated by Hardware Configurator
   3          //
   4          // This file will be updated when saving a document.
   5          // leave the sections inside the "$[...]" comment tags alone
   6          // or they will be overwritten!!
   7          //=========================================================
   8          
   9          //-----------------------------------------------------------------------------
  10          // Includes
  11          //-----------------------------------------------------------------------------
  12          #include <SI_EFM8LB1_Register_Enums.h>                  // SFR declarations
  13          #include "InitDevice.h"
  14          // $[Generated Includes]
  15          // [Generated Includes]$
  16          unsigned long i,j;
  17          //-----------------------------------------------------------------------------
  18          // SiLabs_Startup() Routine
  19          // ----------------------------------------------------------------------------
  20          // This function is called immediately after reset, before the initialization
  21          // code is run in SILABS_STARTUP.A51 (which runs before main() ). This is a
  22          // useful place to disable the watchdog timer, which is enable by default
  23          // and may trigger before main() in some instances.
  24          //-----------------------------------------------------------------------------
  25          void
  26          SiLabs_Startup (void)
  27          {
  28   1        // $[SiLabs Startup]
  29   1        // [SiLabs Startup]$
  30   1      }
  31          void
  32          delay (unsigned long ms)
  33          {
  34   1        ms=ms*326495;
  35   1      
  36   1        for (i = 1; i<=ms; i++)
  37   1          {
  38   2          }
  39   1      
  40   1      }
  41          //-----------------------------------------------------------------------------
  42          // main() Routine
  43          // ----------------------------------------------------------------------------
  44          int
  45          main (void)
  46          {
  47   1        // Call hardware initialization routine
  48   1        enter_DefaultMode_from_RESET ();
  49   1        CLKSEL = CLKSEL_CLKDIV__SYSCLK_DIV_1 ;
  50   1        CLKSEL= CLKSEL_CLKSL__HFOSC0;
  51   1        XBR2 |= 0X40;
C51 COMPILER V9.60.0.0   MYPROJECT_7_MAIN                                                  04/01/2021 00:32:28 PAGE 2   

  52   1      
  53   1        P1MDOUT |=P1MDOUT_B3__PUSH_PULL;
  54   1        P1MDOUT |=P1MDOUT_B3__OPEN_DRAIN;
  55   1        while (1)
  56   1          {
  57   2            P1_B3 = 0;
  58   2            delay (1);
  59   2            P1_B3 = 1;
  60   2            delay (1);
  61   2      // $[Generated Run-time code]
  62   2      // [Generated Run-time code]$
  63   2          }
  64   1      }


MODULE INFORMATION:   STATIC OVERLAYABLE
   CODE SIZE        =    152    ----
   CONSTANT SIZE    =   ----    ----
   XDATA SIZE       =   ----    ----
   PDATA SIZE       =   ----    ----
   DATA SIZE        =     12    ----
   IDATA SIZE       =   ----    ----
   BIT SIZE         =   ----    ----
   EDATA SIZE       =   ----    ----
   HDATA SIZE       =   ----    ----
   XDATA CONST SIZE =   ----    ----
   FAR CONST SIZE   =   ----    ----
END OF MODULE INFORMATION.


C51 COMPILATION COMPLETE.  0 WARNING(S),  0 ERROR(S)
