C51 COMPILER V9.60.0.0   MYPROJECT_8_MAIN                                                  04/19/2021 21:47:35 PAGE 1   


C51 COMPILER V9.60.0.0, COMPILATION OF MODULE MYPROJECT_8_MAIN
OBJECT MODULE PLACED IN .\src/myProject_8_main.OBJ
COMPILER INVOKED BY: Z:\home\tadashi\Downloads\SimplicityStudio_v5\developer\toolchains\keil_8051\9.60\BIN\C51.exe /home
                    -/tadashi/SimplicityStudio/v5_workspace/myProject_8/src/myProject_8_main.c OMF2 SMALL DEBUG OBJECTEXTEND ROM(LARGE) WARNI
                    -NGLEVEL(2) FLOATFUZZY(3) OPTIMIZE(0,SPEED) DEFINE(DEBUG=1) INTVECTOR(0X0000) INTPROMOTE INCDIR(/home/tadashi/SimplicityS
                    -tudio/v5_workspace/myProject_8/inc;/home/tadashi/Downloads/SimplicityStudio_v5/developer/sdks/8051/v4.2.0//Device/shared
                    -/si8051Base;/home/tadashi/Downloads/SimplicityStudio_v5/developer/sdks/8051/v4.2.0//Device/EFM8LB1/inc) PRINT(.\src/myPr
                    -oject_8_main.lst) COND PAGEWIDTH(120) PAGELENGTH(65) OBJECT(.\src/myProject_8_main.OBJ)

line level    source

   1          //=========================================================
   2          // src/myProject_8_main.c: generated by Hardware Configurator
   3          //
   4          // This file will be updated when saving a document.
   5          // leave the sections inside the "$[...]" comment tags alone
   6          // or they will be overwritten!!
   7          //=========================================================
   8          
   9          //-----------------------------------------------------------------------------
  10          // Includes
  11          //-----------------------------------------------------------------------------
  12          #include <SI_EFM8LB1_Register_Enums.h>                  // SFR declarations
  13          #include "InitDevice.h"
  14          // $[Generated Includes]
  15          // [Generated Includes]$
  16          sbit led = P1 ^ 3;
  17          uint8_t i=0;
  18          //-----------------------------------------------------------------------------
  19          // SiLabs_Startup() Routine
  20          // ----------------------------------------------------------------------------
  21          // This function is called immediately after reset, before the initialization
  22          // code is run in SILABS_STARTUP.A51 (which runs before main() ). This is a
  23          // useful place to disable the watchdog timer, which is enable by default
  24          // and may trigger before main() in some instances.
  25          //-----------------------------------------------------------------------------
  26          void
  27          SiLabs_Startup (void)
  28          {
  29   1        // $[SiLabs Startup]
  30   1        // [SiLabs Startup]$
  31   1      }
  32          void
  33          enable_clock ()
  34          {
  35   1        CLKSEL = CLKSEL_CLKDIV__SYSCLK_DIV_8 | CLKSEL_CLKSL__HFOSC0;  //3.0625MHz
  36   1      }
  37          void
  38          timer_delay ()
  39          {
  40   1        CKCON0 = CKCON0_T0M__PRESCALE | CKCON0_SCA__SYSCLK_DIV_48; // clk_control =sysclk/48=63802
  41   1        TMOD = TMOD_T0M__MODE1;   // 16 bits mode 1
  42   1        TH0 = 0X06;   //hold
  43   1        TL0 = 0XC5;  //counting FF
  44   1        TCON_TR0 = 1;
  45   1        while (TCON_TF0 == 0);
  46   1        TCON_TR0 = 0;
  47   1        TCON_TF0 = 0;
  48   1      
  49   1      }
  50          //-----------------------------------------------------------------------------
  51          // main() Routine
C51 COMPILER V9.60.0.0   MYPROJECT_8_MAIN                                                  04/19/2021 21:47:35 PAGE 2   

  52          // ----------------------------------------------------------------------------
  53          int
  54          main (void)
  55          {
  56   1        // Call hardware initialization routine
  57   1        // enter_DefaultMode_from_RESET ();
  58   1        XBR2 |= XBR2_XBARE__ENABLED;
  59   1        P1MDOUT |= P1MDOUT_B3__PUSH_PULL;
  60   1        enable_clock ();
  61   1      
  62   1        while (1)
  63   1          {
  64   2            led = ~led;   //change state of led  0->1
  65   2      
  66   2            timer_delay ();
  67   2      
  68   2             //delay 1 second
  69   2      // $[Generated Run-time code]
  70   2      // [Generated Run-time code]$
  71   2          }
  72   1      }


MODULE INFORMATION:   STATIC OVERLAYABLE
   CODE SIZE        =     44    ----
   CONSTANT SIZE    =   ----    ----
   XDATA SIZE       =   ----    ----
   PDATA SIZE       =   ----    ----
   DATA SIZE        =      1    ----
   IDATA SIZE       =   ----    ----
   BIT SIZE         =   ----    ----
   EDATA SIZE       =   ----    ----
   HDATA SIZE       =   ----    ----
   XDATA CONST SIZE =   ----    ----
   FAR CONST SIZE   =   ----    ----
END OF MODULE INFORMATION.


C51 COMPILATION COMPLETE.  0 WARNING(S),  0 ERROR(S)
