C51 COMPILER V9.60.0.0   MYPROJECT_2_MAIN                                                  05/05/2021 23:04:16 PAGE 1   


C51 COMPILER V9.60.0.0, COMPILATION OF MODULE MYPROJECT_2_MAIN
OBJECT MODULE PLACED IN .\src\myProject_2_main.OBJ
COMPILER INVOKED BY: c:\SiliconLabs\SimplicityStudio\v5\developer\toolchains\keil_8051\9.60\BIN\C51.exe D:\year4-semeste
                    -r2\Silicon_lab_year3\myProject_2\src\myProject_2_main.c OMF2 SMALL DEBUG OBJECTEXTEND ROM(LARGE) WARNINGLEVEL(2) FLOATFU
                    -ZZY(3) OPTIMIZE(0,SPEED) DEFINE(DEBUG=1) INTVECTOR(0X0000) INTPROMOTE INCDIR(D:\year4-semester2\Silicon_lab_year3\myProj
                    -ect_2\inc;C:/SiliconLabs/SimplicityStudio/v5/developer/sdks/8051/v4.2.0//Device/shared/si8051Base;C:/SiliconLabs/Simplic
                    -ityStudio/v5/developer/sdks/8051/v4.2.0//Device/EFM8LB1/inc) PRINT(.\src\myProject_2_main.lst) COND PAGEWIDTH(120) PAGEL
                    -ENGTH(65) OBJECT(.\src\myProject_2_main.OBJ)

line level    source

   1          //=========================================================
   2          // src/myProject_2_main.c: generated by Hardware Configurator
   3          //
   4          // This file will be updated when saving a document.
   5          // leave the sections inside the "$[...]" comment tags alone
   6          // or they will be overwritten!!
   7          //=========================================================
   8          
   9          //-----------------------------------------------------------------------------
  10          // Includes
  11          //-----------------------------------------------------------------------------
  12          #include <SI_EFM8LB1_Register_Enums.h>                  // SFR declarations
  13          #include "InitDevice.h"
  14          // $[Generated Includes]
  15          // [Generated Includes]$
  16          
  17          //-----------------------------------------------------------------------------
  18          // SiLabs_Startup() Routine
  19          // ----------------------------------------------------------------------------
  20          // This function is called immediately after reset, before the initialization
  21          // code is run in SILABS_STARTUP.A51 (which runs before main() ). This is a
  22          // useful place to disable the watchdog timer, which is enable by default
  23          // and may trigger before main() in some instances.
  24          //-----------------------------------------------------------------------------
  25          void
  26          SiLabs_Startup (void)
  27          {
  28   1        // $[SiLabs Startup]
  29   1        // [SiLabs Startup]$
  30   1        WDTCN = 0XDE;
  31   1        WDTCN = 0XAD;
  32   1      }
  33          
  34          void cross_bar_init(){
  35   1        XBR2 |=XBR2_XBARE__ENABLED;
  36   1        XBR1 |=XBR1_PCA0ME__CEX0;
  37   1        XBR1 |=XBR1_PCA0ME__CEX0_TO_CEX1;
  38   1        P1MDOUT |=P1MDOUT_B3__PUSH_PULL;
  39   1      }
  40          void pwm_init(){
  41   1          PCA0CPM0 |=PCA0CPM0_PWM__ENABLED;
  42   1          PCA0CPM0 |=PCA0CPM0_ECOM__ENABLED;
  43   1          //  PCA0CPM1 |=PCA0CPM1_PWM__ENABLED;
  44   1         // write pwm to autoreload register
  45   1         PCA0CPM0  |=PCA0CPM0_PWM16__16_BIT;
  46   1         PCA0CPM1  |=PCA0CPM1_PWM__ENABLED  |PCA0CPM1_ECOM__ENABLED;
  47   1         PCA0PWM   |=PCA0PWM_CLSEL__10_BITS | PCA0PWM_ARSEL__AUTORELOAD;
  48   1      
  49   1      
  50   1         PCA0CPL0 =110;// 14;
  51   1         PCA0CPH0 =246; //238;
C51 COMPILER V9.60.0.0   MYPROJECT_2_MAIN                                                  05/05/2021 23:04:16 PAGE 2   

  52   1      
  53   1         PCA0CPL1=255;
  54   1         PCA0CPH1=2;
  55   1       //  PCA0L = 100;
  56   1       //  PCA0CPH1 =0XFF&10>>8;
  57   1        // PCA0CPH1= 0;
  58   1         // start PCA
  59   1         PCA0CN0 = PCA0CN0_CR__RUN;
  60   1      }
  61          
  62          uint8_t pwm_val = 0;
  63          uint16_t pwm_val1=0;
  64          //-----------------------------------------------------------------------------
  65          // main() Routine
  66          // ----------------------------------------------------------------------------
  67          int
  68          main (void)
  69          {
  70   1        // Call hardware initialization routine
  71   1       // enter_DefaultMode_from_RESET ();
  72   1        CLKSEL = CLKSEL_CLKDIV__SYSCLK_DIV_8 | CLKSEL_CLKSL__HFOSC0;
  73   1        cross_bar_init();
  74   1        pwm_init();
  75   1        PCA0MD  |=PCA0MD_CPS__SYSCLK;
  76   1        P0MDOUT |=P0MDOUT_B0__PUSH_PULL;
  77   1        P0MDOUT |=P0MDOUT_B1__PUSH_PULL;
  78   1        while (1)
  79   1          {
  80   2      // $[Generated Run-time code]
  81   2      // [Generated Run-time code]$
  82   2           // pwm_val=100;
  83   2           // pwm_val1=100;
  84   2          //  PCA0CPH0=pwm_val;
  85   2          //  PCA0CPH1=pwm_val1;
  86   2      
  87   2          }
  88   1      }


MODULE INFORMATION:   STATIC OVERLAYABLE
   CODE SIZE        =     72    ----
   CONSTANT SIZE    =   ----    ----
   XDATA SIZE       =   ----    ----
   PDATA SIZE       =   ----    ----
   DATA SIZE        =      3    ----
   IDATA SIZE       =   ----    ----
   BIT SIZE         =   ----    ----
   EDATA SIZE       =   ----    ----
   HDATA SIZE       =   ----    ----
   XDATA CONST SIZE =   ----    ----
   FAR CONST SIZE   =   ----    ----
END OF MODULE INFORMATION.


C51 COMPILATION COMPLETE.  0 WARNING(S),  0 ERROR(S)
