12:20:07 **** Incremental Build of configuration Keil 8051 v9.60.0 - Debug for project EFM8LB12F64E-C-QSOP24 ****
make all 
PATH=/home/tadashi/Downloads/SimplicityStudio_v5/developer/toolchains/keil_8051/9.60/BIN:/home/tadashi/Downloads/SimplicityStudio_v5/support/8051:/usr/bin:/home/tadashi/Downloads/SimplicityStudio_v5/support/common/build:/home/tadashi/.local/bin:/usr/local/sbin:/usr/local/bin:/usr/sbin:/sbin:/bin:/usr/games:/usr/local/games:/snap/bin
 
Building file: ../src/EFM8LB12F64E-C-QSOP24_main.c
Invoking: Keil 8051 Compiler
wine "/home/tadashi/Downloads/SimplicityStudio_v5/developer/toolchains/keil_8051/9.60/BIN/C51" "@src/EFM8LB12F64E-C-QSOP24_main.__i" || test $? -lt 2

C51 COMPILER V9.60.0.0 - SN: Eval Version
COPYRIGHT Copyright (C) 2012 - 2019 ARM Ltd and ARM Germany GmbH. All rights reserved.

C51 COMPILATION COMPLETE.  0 WARNING(S),  0 ERROR(S)
Finished building: ../src/EFM8LB12F64E-C-QSOP24_main.c
 
Building file: ../src/InitDevice.c
Invoking: Keil 8051 Compiler
wine "/home/tadashi/Downloads/SimplicityStudio_v5/developer/toolchains/keil_8051/9.60/BIN/C51" "@src/InitDevice.__i" || test $? -lt 2

C51 COMPILER V9.60.0.0 - SN: Eval Version
COPYRIGHT Copyright (C) 2012 - 2019 ARM Ltd and ARM Germany GmbH. All rights reserved.

C51 COMPILATION COMPLETE.  0 WARNING(S),  0 ERROR(S)
Finished building: ../src/InitDevice.c
 
Building file: ../src/SILABS_STARTUP.A51
Invoking: Keil 8051 Assembler
wine "/home/tadashi/Downloads/SimplicityStudio_v5/developer/toolchains/keil_8051/9.60/BIN/AX51" "@src/SILABS_STARTUP.__ia" || test $? -lt 2

MACRO ASSEMBLER AX51 V3.15.3.0
COPYRIGHT ARM Germany GmbH 2016
"Z:\home\tadashi\Downloads\SimplicityStudio_v5\developer\toolchains\keil_8051\9.60\BIN\AX51.exe" "/home/tadashi/SimplicityStudio/v5_workspace/EFM8LB12F64E-C-QSOP24/src/SILABS_STARTUP.A51" ERRORPRINT SET (SMALL,SILABS_STARTUP=1) DEBUG MACRO NOMOD51 INCDIR(/home/tadashi/SimplicityStudio/v5_workspace/EFM8LB12F64E-C-QSOP24/inc;/home/tadashi/Downloads/SimplicityStudio_v5/developer/sdks/8051/v4.2.0//Device/shared/si8051Base;/home/tadashi/Downloads/SimplicityStudio_v5/developer/sdks/8051/v4.2.0//Device/EFM8LB1/inc) PRINT(.\src/SILABS_STARTUP.lst) COND SYMBOLS PAGEWIDTH (120) PAGELENGTH (65) OBJECT(.\src/SILABS_STARTUP.OBJ)

ASSEMBLY COMPLETE.  0 WARNING(S), 0 ERROR(S).
Finished building: ../src/SILABS_STARTUP.A51
 
Building file: ../src/testing.asm
Invoking: Keil 8051 Assembler
wine "/home/tadashi/Downloads/SimplicityStudio_v5/developer/toolchains/keil_8051/9.60/BIN/AX51" "@src/testing.__ia" || test $? -lt 2

MACRO ASSEMBLER AX51 V3.15.3.0
COPYRIGHT ARM Germany GmbH 2016
"Z:\home\tadashi\Downloads\SimplicityStudio_v5\developer\toolchains\keil_8051\9.60\BIN\AX51.exe" "/home/tadashi/SimplicityStudio/v5_workspace/EFM8LB12F64E-C-QSOP24/src/testing.asm" ERRORPRINT SET (SMALL,SILABS_STARTUP=1) DEBUG MACRO NOMOD51 INCDIR(/home/tadashi/SimplicityStudio/v5_workspace/EFM8LB12F64E-C-QSOP24/inc;/home/tadashi/Downloads/SimplicityStudio_v5/developer/sdks/8051/v4.2.0//Device/shared/si8051Base;/home/tadashi/Downloads/SimplicityStudio_v5/developer/sdks/8051/v4.2.0//Device/EFM8LB1/inc) PRINT(.\src/testing.lst) COND SYMBOLS PAGEWIDTH (120) PAGELENGTH (65) OBJECT(.\src/testing.OBJ)

MACRO ASSEMBLER AX51 V3.15.3.0
OBJECT MODULE PLACED IN .\src\testing.OBJ
make: *** [src/testing.OBJ] Error 1
ASSEMBLER INVOKED BY: Z:\home\tadashi\Downloads\SimplicityStudio_v5\developer\toolchains\keil_8051\9.60\BIN\AX51.exe /ho
                      me/tadashi/SimplicityStudio/v5_workspace/EFM8LB12F64E-C-QSOP24/src/testing.asm ERRORPRINT SET(SMAL
                      L,SILABS_STARTUP=1) DEBUG MACRO NOMOD51 INCDIR(/home/tadashi/SimplicityStudio/v5_workspace/EFM8LB1
                      2F64E-C-QSOP24/inc;/home/tadashi/Downloads/SimplicityStudio_v5/developer/sdks/8051/v4.2.0//Device/
                      shared/si8051Base;/home/tadashi/Downloads/SimplicityStudio_v5/developer/sdks/8051/v4.2.0//Device/E
                      FM8LB1/inc) PRINT(.\src\testing.lst) COND SYMBOLS PAGEWIDTH(120) PAGELENGTH(65) OBJECT(.\src\testing.OBJ) 

LOC    OBJ             LINE     SOURCE

                          4             SETB P1.3
*** _________________________________________^
*** ERROR #A45 IN 4 (\home\tadashi\SimplicityStudio\v5_workspace\EFM8LB12F64E-C-QSOP24\src\testing.asm, LINE 4): UNDEFINED SYMBOL
                          6             CLR P1.3
*** ________________________________________^
*** ERROR #A45 IN 6 (\home\tadashi\SimplicityStudio\v5_workspace\EFM8LB12F64E-C-QSOP24\src\testing.asm, LINE 6): UNDEFINED SYMBOL
                         13             HERE3:  MOV R1, #OFFH
*** _____________________________________________________^
*** ERROR #A45 IN 13 (\home\tadashi\SimplicityStudio\v5_workspace\EFM8LB12F64E-C-QSOP24\src\testing.asm, LINE 13): UNDEFINED SYMBOL
                         14             HERE2:  MOV R2, #OFFH
*** _____________________________________________________^
*** ERROR #A45 IN 14 (\home\tadashi\SimplicityStudio\v5_workspace\EFM8LB12F64E-C-QSOP24\src\testing.asm, LINE 14): UNDEFINED SYMBOL

ASSEMBLY COMPLETE.  0 WARNING(S), 4 ERROR(S).

ASSEMBLY COMPLETE.  0 WARNING(S), 4 ERROR(S).
src/subdir.mk:43: recipe for target 'src/testing.OBJ' failed
"make all" terminated with exit code 2. Build might be incomplete.

12:20:10 Build Failed. 5 errors, 0 warnings. (took 2s.929ms)

