20:29:35 **** Build of configuration Keil 8051 v9.60.0 - Debug for project emptyCProject_2 ****
make all 
PATH=/home/tadashi/Downloads/SimplicityStudio_v5/developer/toolchains/keil_8051/9.60/BIN:/home/tadashi/Downloads/SimplicityStudio_v5/support/8051:/usr/bin:/home/tadashi/Downloads/SimplicityStudio_v5/support/common/build:/home/tadashi/.local/bin:/usr/local/sbin:/usr/local/bin:/usr/sbin:/sbin:/bin:/usr/games:/usr/local/games:/snap/bin
 
Building file: /home/tadashi/Downloads/SimplicityStudio_v5/developer/sdks/8051/v4.2.0/Device/shared/si8051Base/SILABS_STARTUP.A51
Invoking: Keil 8051 Assembler
wine "/home/tadashi/Downloads/SimplicityStudio_v5/developer/toolchains/keil_8051/9.60/BIN/AX51" "@src/SILABS_STARTUP.__ia" || test $? -lt 2

MACRO ASSEMBLER AX51 V3.15.3.0
COPYRIGHT ARM Germany GmbH 2016
"Z:\home\tadashi\Downloads\SimplicityStudio_v5\developer\toolchains\keil_8051\9.60\BIN\AX51.exe" "/home/tadashi/Downloads/SimplicityStudio_v5/developer/sdks/8051/v4.2.0/Device/shared/si8051Base/SILABS_STARTUP.A51" ERRORPRINT SET (SMALL,SILABS_STARTUP=1) DEBUG MACRO NOMOD51 INCDIR(/home/tadashi/Downloads/SimplicityStudio_v5/developer/sdks/8051/v4.2.0//Device/shared/si8051Base;/home/tadashi/Downloads/SimplicityStudio_v5/developer/sdks/8051/v4.2.0//Device/EFM8LB1/inc) PRINT(.\src/SILABS_STARTUP.lst) COND SYMBOLS PAGEWIDTH (120) PAGELENGTH (65) OBJECT(.\src/SILABS_STARTUP.OBJ)

ASSEMBLY COMPLETE.  0 WARNING(S), 0 ERROR(S).
Finished building: /home/tadashi/Downloads/SimplicityStudio_v5/developer/sdks/8051/v4.2.0/Device/shared/si8051Base/SILABS_STARTUP.A51
 
Building file: ../src/emptyCProject_2_main.c
Invoking: Keil 8051 Compiler
wine "/home/tadashi/Downloads/SimplicityStudio_v5/developer/toolchains/keil_8051/9.60/BIN/C51" "@src/emptyCProject_2_main.__i" || test $? -lt 2

C51 COMPILER V9.60.0.0 - SN: Eval Version
COPYRIGHT Copyright (C) 2012 - 2019 ARM Ltd and ARM Germany GmbH. All rights reserved.

C51 COMPILATION COMPLETE.  0 WARNING(S),  0 ERROR(S)
Finished building: ../src/emptyCProject_2_main.c
 
Building target: emptyCProject_2.omf
Invoking: Keil 8051 Linker
wine "/home/tadashi/Downloads/SimplicityStudio_v5/developer/toolchains/keil_8051/9.60/BIN/LX51" "@emptyCProject_2.lnp" || test $? -lt 2

LX51 LINKER/LOCATER V4.66.97.0 - SN: Eval Version
COPYRIGHT ARM Germany GmbH 1995 - 2019
@emptyCProject_2.lnp "./src/SILABS_STARTUP.OBJ",
"./src/emptyCProject_2_main.OBJ"
TO "EMPTYCPROJECT_2.OMF.CRBUILD" REMOVEUNUSED PRINT(.\emptyCProject_2.m51) PAGEWIDTH (120) PAGELENGTH (65) CLASSES( ECODE(C:0x0 - C:0xfbfe), HCONST(C:0x0 - C:0xfbfe), XDATA(X:0x0 - X:0xfff), HDATA(X:0x0 - X:0xfff))
******************************************************************************
* RESTRICTED VERSION WITH 0800H BYTE CODE SIZE LIMIT; USED: 0016H BYTE ( 1%) *
******************************************************************************

Program Size: data=9.0 xdata=0 const=0 code=22
LX51 RUN COMPLETE.  0 WARNING(S),  0 ERROR(S)
Finished building target: emptyCProject_2.omf

20:29:38 Build Finished. 0 errors, 0 warnings. (took 2s.881ms)

