12:49:54 **** Incremental Build of configuration Keil 8051 v9.60.0 - Debug for project myProject_3 ****
make all 
PATH=/home/tadashi/Downloads/SimplicityStudio_v5/developer/toolchains/keil_8051/9.60/BIN:/home/tadashi/Downloads/SimplicityStudio_v5/support/8051:/usr/bin:/home/tadashi/Downloads/SimplicityStudio_v5/support/common/build:/home/tadashi/.local/bin:/usr/local/sbin:/usr/local/bin:/usr/sbin:/sbin:/bin:/usr/games:/usr/local/games:/snap/bin
 
Building file: ../src/InitDevice.c
Invoking: Keil 8051 Compiler
wine "/home/tadashi/Downloads/SimplicityStudio_v5/developer/toolchains/keil_8051/9.60/BIN/C51" "@src/InitDevice.__i" || test $? -lt 2

C51 COMPILER V9.60.0.0 - SN: Eval Version
COPYRIGHT Copyright (C) 2012 - 2019 ARM Ltd and ARM Germany GmbH. All rights reserved.

C51 COMPILATION COMPLETE.  0 WARNING(S),  0 ERROR(S)
Finished building: ../src/InitDevice.c
 
Building file: /home/tadashi/Downloads/SimplicityStudio_v5/developer/sdks/8051/v4.2.0/Device/shared/si8051Base/SILABS_STARTUP.A51
Invoking: Keil 8051 Assembler
wine "/home/tadashi/Downloads/SimplicityStudio_v5/developer/toolchains/keil_8051/9.60/BIN/AX51" "@src/SILABS_STARTUP.__ia" || test $? -lt 2

MACRO ASSEMBLER AX51 V3.15.3.0
COPYRIGHT ARM Germany GmbH 2016
"Z:\home\tadashi\Downloads\SimplicityStudio_v5\developer\toolchains\keil_8051\9.60\BIN\AX51.exe" "/home/tadashi/Downloads/SimplicityStudio_v5/developer/sdks/8051/v4.2.0/Device/shared/si8051Base/SILABS_STARTUP.A51" ERRORPRINT SET (SMALL,SILABS_STARTUP=1) DEBUG MACRO NOMOD51 INCDIR(/home/tadashi/SimplicityStudio/v5_workspace/myProject_3/inc;/home/tadashi/Downloads/SimplicityStudio_v5/developer/sdks/8051/v4.2.0//Device/shared/si8051Base;/home/tadashi/Downloads/SimplicityStudio_v5/developer/sdks/8051/v4.2.0//Device/EFM8LB1/inc) PRINT(.\src/SILABS_STARTUP.lst) COND SYMBOLS PAGEWIDTH (120) PAGELENGTH (65) OBJECT(.\src/SILABS_STARTUP.OBJ)

ASSEMBLY COMPLETE.  0 WARNING(S), 0 ERROR(S).
Finished building: /home/tadashi/Downloads/SimplicityStudio_v5/developer/sdks/8051/v4.2.0/Device/shared/si8051Base/SILABS_STARTUP.A51
 
Building file: ../src/myProject_3_main.c
Invoking: Keil 8051 Compiler
wine "/home/tadashi/Downloads/SimplicityStudio_v5/developer/toolchains/keil_8051/9.60/BIN/C51" "@src/myProject_3_main.__i" || test $? -lt 2

C51 COMPILER V9.60.0.0 - SN: Eval Version
COPYRIGHT Copyright (C) 2012 - 2019 ARM Ltd and ARM Germany GmbH. All rights reserved.

C51 COMPILATION COMPLETE.  0 WARNING(S),  0 ERROR(S)
Finished building: ../src/myProject_3_main.c
 
Building file: ../testing.asm
Invoking: Keil 8051 Assembler
wine "/home/tadashi/Downloads/SimplicityStudio_v5/developer/toolchains/keil_8051/9.60/BIN/AX51" "@testing.__ia" || test $? -lt 2

MACRO ASSEMBLER AX51 V3.15.3.0
COPYRIGHT ARM Germany GmbH 2016
"Z:\home\tadashi\Downloads\SimplicityStudio_v5\developer\toolchains\keil_8051\9.60\BIN\AX51.exe" "/home/tadashi/SimplicityStudio/v5_workspace/myProject_3/testing.asm" ERRORPRINT SET (SMALL,SILABS_STARTUP=1) DEBUG MACRO NOMOD51 INCDIR(/home/tadashi/SimplicityStudio/v5_workspace/myProject_3/inc;/home/tadashi/Downloads/SimplicityStudio_v5/developer/sdks/8051/v4.2.0//Device/shared/si8051Base;/home/tadashi/Downloads/SimplicityStudio_v5/developer/sdks/8051/v4.2.0//Device/EFM8LB1/inc) PRINT(.\testing.lst) COND SYMBOLS PAGEWIDTH (120) PAGELENGTH (65) OBJECT(.\testing.OBJ)

MACRO ASSEMBLER AX51 V3.15.3.0
OBJECT MODULE PLACED IN .\testing.OBJ
ASSEMBLER INVOKED BY: Z:\home\tadashi\Downloads\SimplicityStudio_v5\developer\toolchains\keil_8051\9.60\BIN\AX51.exe /ho
                      me/tadashi/SimplicityStudio/v5_workspace/myProject_3/testing.asm ERRORPRINT SET(SMALL,SILABS_START
                      UP=1) DEBUG MACRO NOMOD51 INCDIR(/home/tadashi/SimplicityStudio/v5_workspace/myProject_3/inc;/home
                      /tadashi/Downloads/SimplicityStudio_v5/developer/sdks/8051/v4.2.0//Device/shared/si8051Base;/home/
                      tadashi/Downloads/SimplicityStudio_v5/developer/sdks/8051/v4.2.0//Device/EFM8LB1/inc) PRINT(.\test
                      ing.lst) COND SYMBOLS PAGEWIDTH(120) PAGELENGTH(65) OBJECT(.\testing.OBJ) 
make: *** [testing.OBJ] Error 1

LOC    OBJ             LINE     SOURCE

                         10         setb P1.3
*** _____________________________________^
*** ERROR #A45 IN 10 (\home\tadashi\SimplicityStudio\v5_workspace\myProject_3\testing.asm, LINE 10): UNDEFINED SYMBOL

ASSEMBLY COMPLETE.  0 WARNING(S), 1 ERROR(S).

ASSEMBLY COMPLETE.  0 WARNING(S), 1 ERROR(S).
subdir.mk:15: recipe for target 'testing.OBJ' failed
"make all" terminated with exit code 2. Build might be incomplete.

12:49:57 Build Failed. 2 errors, 0 warnings. (took 2s.832ms)

