19:44:38 **** Incremental Build of configuration Keil 8051 v9.60.0 - Debug for project myProject ****
make all 
PATH=/home/tadashi/Downloads/SimplicityStudio_v5/developer/toolchains/keil_8051/9.60/BIN:/home/tadashi/Downloads/SimplicityStudio_v5/support/8051:/usr/bin:/home/tadashi/Downloads/SimplicityStudio_v5/support/common/build:/home/tadashi/.local/bin:/usr/local/sbin:/usr/local/bin:/usr/sbin:/sbin:/bin:/usr/games:/usr/local/games:/snap/bin
 
Building target: myProject.omf
Invoking: Keil 8051 Linker
wine "/home/tadashi/Downloads/SimplicityStudio_v5/developer/toolchains/keil_8051/9.60/BIN/LX51" "@myProject.lnp" || test $? -lt 2

LX51 LINKER/LOCATER V4.66.97.0 - SN: Eval Version
COPYRIGHT ARM Germany GmbH 1995 - 2019
@myProject.lnp "./src/InitDevice.OBJ",
"./src/Interrupts.OBJ",
"./src/SILABS_STARTUP.OBJ",
"./src/myProject_main.OBJ"
TO "MYPROJECT.OMF.CRBUILD" REMOVEUNUSED PRINT(.\myProject.m51) PAGEWIDTH (120) PAGELENGTH (65) CLASSES( ECODE(C:0x0 - C:0xfbfe), HCONST(C:0x0 - C:0xfbfe), XDATA(X:0x0 - X:0xfff), HDATA(X:0x0 - X:0xfff))
******************************************************************************
* RESTRICTED VERSION WITH 0800H BYTE CODE SIZE LIMIT; USED: 00D6H BYTE (10%) *
******************************************************************************

Program Size: data=17.1 xdata=0 const=0 code=360
LX51 RUN COMPLETE.  0 WARNING(S),  0 ERROR(S)
Finished building target: myProject.omf

19:44:40 Build Finished. 0 errors, 0 warnings. (took 2s.481ms)

