20:07:17 **** Incremental Build of configuration Keil 8051 v9.60.0 - Debug for project myProject_2 ****
make all 
PATH=/home/tadashi/Downloads/SimplicityStudio_v5/developer/toolchains/keil_8051/9.60/BIN:/home/tadashi/Downloads/SimplicityStudio_v5/support/8051:/usr/bin:/home/tadashi/Downloads/SimplicityStudio_v5/support/common/build:/home/tadashi/.local/bin:/usr/local/sbin:/usr/local/bin:/usr/sbin:/sbin:/bin:/usr/games:/usr/local/games:/snap/bin
 
Building file: ../src/myProject_2_main.c
Invoking: Keil 8051 Compiler
wine "/home/tadashi/Downloads/SimplicityStudio_v5/developer/toolchains/keil_8051/9.60/BIN/C51" "@src/myProject_2_main.__i" || test $? -lt 2

C51 COMPILER V9.60.0.0 - SN: Eval Version
COPYRIGHT Copyright (C) 2012 - 2019 ARM Ltd and ARM Germany GmbH. All rights reserved.

C51 COMPILATION COMPLETE.  0 WARNING(S),  0 ERROR(S)
Finished building: ../src/myProject_2_main.c
 
Building target: myProject_2.omf
Invoking: Keil 8051 Linker
wine "/home/tadashi/Downloads/SimplicityStudio_v5/developer/toolchains/keil_8051/9.60/BIN/LX51" "@myProject_2.lnp" || test $? -lt 2

LX51 LINKER/LOCATER V4.66.97.0 - SN: Eval Version
COPYRIGHT ARM Germany GmbH 1995 - 2019
@myProject_2.lnp "./src/InitDevice.OBJ",
"./src/SILABS_STARTUP.OBJ",
"./src/myProject_2_main.OBJ"
TO "MYPROJECT_2.OMF.CRBUILD" REMOVEUNUSED PRINT(.\myProject_2.m51) PAGEWIDTH (120) PAGELENGTH (65) CLASSES( ECODE(C:0x0 - C:0xfbfe), HCONST(C:0x0 - C:0xfbfe), XDATA(X:0x0 - X:0xfff), HDATA(X:0x0 - X:0xfff))
******************************************************************************
* RESTRICTED VERSION WITH 0800H BYTE CODE SIZE LIMIT; USED: 0073H BYTE ( 5%) *
******************************************************************************

Program Size: data=12.2 xdata=0 const=0 code=383
LX51 RUN COMPLETE.  0 WARNING(S),  0 ERROR(S)
Finished building target: myProject_2.omf

20:07:21 Build Finished. 0 errors, 0 warnings. (took 3s.973ms)

