12:54:12 **** Incremental Build of configuration Keil 8051 v9.60.0 - Debug for project Timer_interrupt ****
make all 
PATH=/home/tadashi/Downloads/SimplicityStudio_v5/developer/toolchains/keil_8051/9.60/BIN:/home/tadashi/Downloads/SimplicityStudio_v5/support/8051:/usr/bin:/home/tadashi/Downloads/SimplicityStudio_v5/support/common/build:/home/tadashi/.local/bin:/usr/local/sbin:/usr/local/bin:/usr/sbin:/sbin:/bin:/usr/games:/usr/local/games:/snap/bin
 
Building file: ../src/myProject_6_main.c
Invoking: Keil 8051 Compiler
wine "/home/tadashi/Downloads/SimplicityStudio_v5/developer/toolchains/keil_8051/9.60/BIN/C51" "@src/myProject_6_main.__i" || test $? -lt 2

C51 COMPILER V9.60.0.0 - SN: Eval Version
COPYRIGHT Copyright (C) 2012 - 2019 ARM Ltd and ARM Germany GmbH. All rights reserved.

C51 COMPILATION COMPLETE.  0 WARNING(S),  0 ERROR(S)
Finished building: ../src/myProject_6_main.c
 
Building target: Timer_interrupt.omf
Invoking: Keil 8051 Linker
wine "/home/tadashi/Downloads/SimplicityStudio_v5/developer/toolchains/keil_8051/9.60/BIN/LX51" "@Timer_interrupt.lnp" || test $? -lt 2

LX51 LINKER/LOCATER V4.66.97.0 - SN: Eval Version
COPYRIGHT ARM Germany GmbH 1995 - 2019
@Timer_interrupt.lnp "./src/InitDevice.OBJ",
"./src/SILABS_STARTUP.OBJ",
"./src/myProject_6_main.OBJ"
TO "TIMER_INTERRUPT.OMF.CRBUILD" REMOVEUNUSED PRINT(.\Timer_interrupt.m51) PAGEWIDTH (120) PAGELENGTH (65) CLASSES( ECODE(C:0x0 - C:0xfbfe), HCONST(C:0x0 - C:0xfbfe), XDATA(X:0x0 - X:0xfff), HDATA(X:0x0 - X:0xfff))
******************************************************************************
* RESTRICTED VERSION WITH 0800H BYTE CODE SIZE LIMIT; USED: 02BAH BYTE (34%) *
******************************************************************************

Program Size: data=59.3 xdata=64 const=81 code=1780
LX51 RUN COMPLETE.  0 WARNING(S),  0 ERROR(S)
Finished building target: Timer_interrupt.omf

12:54:15 Build Finished. 0 errors, 0 warnings. (took 3s.273ms)

